  1.0 220.0 220.0 100.0 460.0   3.2 100.0 460.0   3.6 100.0 460.0   3.0 100.0 460.0   3.6
  1.0 220.0 220.0 100.0 460.0   3.2 100.0 460.0   3.6 100.0 460.0   3.0 100.0 460.0   3.6
  1.0 220.0 220.0 100.0 460.0   3.2 100.0 460.0   3.6 100.0 460.0   3.0 100.0 460.0   3.6
  1.0 220.0 220.0 100.0 460.0   3.6 100.0 460.0   3.6 100.0 460.0   3.0 100.0 460.0   3.6
  0.9 257.0 220.0 100.0 460.0   3.6 100.0 460.0   3.1 100.0 460.0   3.6 100.0 460.0   3.6
 -0.0 401.0 397.0 100.0 460.0   3.6 100.0 460.0   3.1 100.0 460.0   3.6 100.0 460.0   3.6
 -0.3 449.0 449.0 100.0 460.0   3.9 100.0 460.0   3.1 100.0 460.0   3.6 100.0 460.0   2.9
 -0.6 504.0 504.0 100.0 460.0   3.9 100.0 460.0   3.1 100.0 460.0   3.6 100.0 460.0   2.9
 -0.6 504.0 504.0 100.0 460.0   3.9 100.0 460.0   3.1 100.0 460.0   3.6 100.0 460.0   2.9
  0.0 392.0 392.0 100.0 460.0   3.9 100.0 460.0   3.1 100.0 460.0   3.6 100.0 460.0   2.9
  0.0 392.0 392.0 100.0 460.0   3.9 100.0 460.0   3.3 100.0 460.0   3.6 100.0 460.0   2.9
  0.0 392.0 392.0 100.0 460.0   3.9 100.0 460.0   3.3 100.0 460.0   3.4 100.0 460.0   2.9
  0.0 392.0 392.0 100.0 460.0   3.0 100.0 460.0   3.3 100.0 460.0   3.4 100.0 460.0   3.2
  0.0 392.0 392.0 100.0 460.0   3.0 100.0 460.0   3.3 100.0 460.0   3.4 100.0 460.0   3.2
  0.0 392.0 392.0 100.0 460.0   3.0 100.0 460.0   3.3 100.0 460.0   3.0 100.0 460.0   3.2
  0.0 392.0 392.0 100.0 460.0   3.0 100.0 460.0   3.3 100.0 460.0   3.0 100.0 460.0   3.2
  0.0 392.0 392.0 100.0 460.0   3.0 100.0 460.0   3.1 100.0 460.0   3.0 100.0 460.0   3.2
  0.0 392.0 392.0 100.0 460.0   3.0 100.0 460.0   3.1 100.0 460.0   3.0 100.0 460.0   3.2
  0.0 392.0 392.0 100.0 460.0   3.0 100.0 460.0   3.1 100.0 460.0   3.0 100.0 460.0   3.2
  0.0 392.0 392.0 100.0 460.0   3.0 100.0 460.0   3.1 100.0 460.0   3.0 100.0 460.0   3.1
 -0.2 433.0 433.0 100.0 460.0   3.0 100.0 460.0   3.1 100.0 460.0   3.0 100.0 460.0   3.1
 -1.0 565.0 565.0 100.0 460.0   3.0 100.0 460.0   3.1 100.0 460.0   3.1 100.0 460.0   3.1
 -1.0 565.0 565.0 100.0 460.0   3.0 100.0 460.0   3.1 100.0 460.0   3.1 100.0 460.0   3.1
 -1.0 565.0 565.0 100.0 460.0   3.0 100.0 460.0   3.1 100.0 460.0   3.1 100.0 460.0   3.1
 -1.0 565.0 565.0 100.0 460.0   3.0 100.0 460.0   3.1 100.0 460.0   3.1 100.0 460.0   3.1
 -1.0 565.0 565.0 100.0 460.0   3.0 100.0 460.0   3.4 100.0 460.0   3.1 100.0 460.0   3.2
 -1.0 565.0 565.0 100.0 460.0   2.9 100.0 460.0   3.4 100.0 460.0   3.1 100.0 460.0   3.2
  0.1 372.0 385.0 100.0 460.0   2.9 100.0 460.0   3.9 100.0 460.0   3.1 100.0 460.0   3.6
  1.0 225.0 225.0 100.0 460.0   2.9 100.0 460.0   3.9 100.0 460.0   2.7 100.0 460.0   3.6
  0.8 289.0 223.0 100.0 460.0   2.9 100.0 460.0   3.9 100.0 460.0   2.7 100.0 460.0   3.6
  0.0 392.0 392.0 100.0 460.0   2.9 100.0 460.0   3.9 100.0 460.0   2.7 100.0 460.0   3.6
  0.1 381.0 381.0 100.0 460.0   2.9 100.0 460.0   3.9 100.0 460.0   2.7 100.0 460.0   3.6
  0.0 387.0 387.0 100.0 460.0   3.1 100.0 460.0   3.9 100.0 460.0   2.7 100.0 460.0   3.6
  0.0 388.0 388.0 100.0 460.0   3.1 100.0 460.0   3.4 100.0 460.0   2.7 100.0 460.0   3.6
  0.0 388.0 388.0 100.0 460.0   3.1 100.0 460.0   3.4 100.0 460.0   3.4 100.0 460.0   3.6
  0.0 392.0 392.0 100.0 460.0   3.3 100.0 460.0   3.4 100.0 460.0   3.4 100.0 460.0   3.6
  0.0 392.0 392.0 100.0 460.0   3.3 100.0 460.0   3.4 100.0 460.0   3.4 100.0 460.0   3.3
  0.4 326.0 326.0 100.0 460.0   3.3 100.0 460.0   3.4 100.0 460.0   3.4 100.0 460.0   3.3
  1.0 220.0 220.0 100.0 460.0   3.3 100.0 460.0   3.4 100.0 460.0   3.4 100.0 460.0   3.3
  1.0 220.0 220.0 100.0 460.0   3.3 100.0 460.0   3.4 100.0 460.0   3.4 100.0 460.0   3.3
  1.0 220.0 220.0 100.0 460.0   3.3 100.0 460.0   3.3 100.0 460.0   3.4 100.0 460.0   3.1
  0.0 392.0 392.0 100.0 460.0   3.3 100.0 460.0   3.3 100.0 460.0   3.4 100.0 460.0   3.1
  0.1 381.0 381.0 100.0 460.0   3.3 100.0 460.0   3.3 100.0 460.0   3.4 100.0 460.0   3.1
  0.1 378.0 378.0 100.0 460.0   3.8 100.0 460.0   3.1 100.0 460.0   3.5 100.0 460.0   3.1
  0.6 296.0 296.0 100.0 460.0   3.8 100.0 460.0   3.1 100.0 460.0   3.5 100.0 460.0   3.1
  1.0 220.0 220.0 100.0 460.0   3.8 100.0 460.0   3.1 100.0 460.0   3.5 100.0 460.0   3.1
  1.0 220.0 220.0 100.0 460.0   3.8 100.0 460.0   3.0 100.0 460.0   3.5 100.0 460.0   3.1
  1.0 220.0 220.0 100.0 460.0   3.8 100.0 460.0   3.0 100.0 460.0   3.5 100.0 460.0   2.9
  0.0 392.0 392.0 100.0 460.0   3.8 100.0 460.0   3.0 100.0 460.0   3.6 100.0 460.0   2.9
 -0.3 445.0 445.0 100.0 460.0   3.8 100.0 460.0   3.0 100.0 460.0   3.6 100.0 460.0   2.9
 -0.9 547.0 547.0 100.0 460.0   3.8 100.0 460.0   3.0 100.0 460.0   3.6 100.0 460.0   2.9
 -1.0 565.0 565.0 100.0 460.0   3.8 100.0 460.0   3.0 100.0 460.0   3.4 100.0 460.0   2.6
 -1.0 565.0 565.0 100.0 460.0   3.4 100.0 460.0   3.0 100.0 460.0   3.4 100.0 460.0   2.6
 -1.0 565.0 565.0 100.0 460.0   3.4 100.0 460.0   3.0 100.0 460.0   3.4 100.0 460.0   2.6
 -1.0 565.0 565.0 100.0 460.0   3.4 100.0 460.0   3.0 100.0 460.0   3.4 100.0 460.0   2.9
  0.0 385.0 385.0 100.0 460.0   3.0 100.0 460.0   3.7 100.0 460.0   3.3 100.0 460.0   2.9
  0.5 301.0 301.0 100.0 460.0   3.0 100.0 460.0   3.7 100.0 460.0   3.3 100.0 460.0   3.5
  0.0 392.0 392.0 100.0 460.0   3.0 100.0 460.0   3.7 100.0 460.0   3.3 100.0 460.0   3.5
  0.0 392.0 392.0 100.0 460.0   3.0 100.0 460.0   3.7 100.0 460.0   3.3 100.0 460.0   3.5
  0.0 392.0 392.0 100.0 460.0   3.0 100.0 460.0   3.7 100.0 460.0   3.1 100.0 460.0   3.5
  0.0 392.0 392.0 100.0 460.0   3.0 100.0 460.0   3.7 100.0 460.0   3.1 100.0 460.0   3.5
  0.0 392.0 392.0 100.0 460.0   3.3 100.0 460.0   3.7 100.0 460.0   3.1 100.0 460.0   3.5
  0.0 392.0 392.0 100.0 460.0   3.3 100.0 460.0   3.7 100.0 460.0   3.1 100.0 460.0   3.4
  0.0 392.0 392.0 100.0 460.0   3.3 100.0 460.0   3.5 100.0 460.0   3.1 100.0 460.0   3.4
 -0.5 476.0 476.0 100.0 460.0   3.4 100.0 460.0   3.5 100.0 460.0   3.1 100.0 460.0   3.4
 -0.3 444.0 444.0 100.0 460.0   3.4 100.0 460.0   3.5 100.0 460.0   3.3 100.0 460.0   3.4
  0.0 392.0 392.0 100.0 460.0   3.4 100.0 460.0   3.5 100.0 460.0   3.3 100.0 460.0   3.4
  0.0 392.0 392.0 100.0 460.0   3.4 100.0 460.0   3.5 100.0 460.0   3.3 100.0 460.0   3.4
  0.0 392.0 392.0 100.0 460.0   3.4 100.0 460.0   3.5 100.0 460.0   3.3 100.0 460.0   3.6
  0.9 237.0 250.0 100.0 460.0   3.4 100.0 460.0   3.7 100.0 460.0   3.3 100.0 460.0   3.6
  0.0 392.0 392.0 100.0 460.0   3.4 100.0 460.0   3.7 100.0 460.0   3.4 100.0 460.0   3.6
  0.0 392.0 392.0 100.0 460.0   3.4 100.0 460.0   3.7 100.0 460.0   3.4 100.0 460.0   3.6
  0.0 392.0 392.0 100.0 460.0   3.4 100.0 460.0   3.7 100.0 460.0   3.4 100.0 460.0   3.6
  0.0 392.0 392.0 100.0 460.0   3.6 100.0 460.0   3.7 100.0 460.0   3.6 100.0 460.0   3.6
  0.0 392.0 392.0 100.0 460.0   3.6 100.0 460.0   3.7 100.0 460.0   3.6 100.0 460.0   3.4
  0.0 392.0 392.0 100.0 460.0   3.6 100.0 460.0   3.3 100.0 460.0   3.6 100.0 460.0   3.4
  0.0 392.0 392.0 100.0 460.0   3.6 100.0 460.0   3.3 100.0 460.0   3.6 100.0 460.0   3.4
  0.0 392.0 392.0 100.0 460.0   3.6 100.0 460.0   3.3 100.0 460.0   3.6 100.0 460.0   3.3
  0.0 392.0 392.0 100.0 460.0   3.6 100.0 460.0   3.3 100.0 460.0   3.6 100.0 460.0   3.3
  0.0 392.0 392.0 100.0 460.0   3.3 100.0 460.0   3.3 100.0 460.0   3.3 100.0 460.0   3.3
  0.0 392.0 392.0 100.0 460.0   3.3 100.0 460.0   3.3 100.0 460.0   3.3 100.0 460.0   3.3
  0.0 392.0 392.0 100.0 460.0   3.3 100.0 460.0   3.4 100.0 460.0   3.3 100.0 460.0   3.3
  0.0 392.0 392.0 100.0 460.0   3.3 100.0 460.0   3.4 100.0 460.0   3.3 100.0 460.0   3.3
  0.0 392.0 392.0 100.0 460.0   3.3 100.0 460.0   3.4 100.0 460.0   3.3 100.0 460.0   3.4
  0.0 392.0 392.0 100.0 460.0   3.4 100.0 460.0   3.4 100.0 460.0   3.3 100.0 460.0   3.4
  0.0 392.0 392.0 100.0 460.0   3.4 100.0 460.0   3.4 100.0 460.0   3.4 100.0 460.0   3.4
  0.0 392.0 392.0 100.0 460.0   3.4 100.0 460.0   3.4 100.0 460.0   3.4 100.0 460.0   3.4
  0.0 392.0 392.0 100.0 460.0   3.4 100.0 460.0   3.4 100.0 460.0   3.4 100.0 460.0   3.4
  0.0 392.0 392.0 100.0 460.0   3.4 100.0 460.0   3.4 100.0 460.0   3.4 100.0 460.0   3.4
  0.0 392.0 392.0 100.0 460.0   3.4 100.0 460.0   3.5 100.0 460.0   3.4 100.0 460.0   3.5
  0.0 392.0 392.0 100.0 460.0   3.4 100.0 460.0   3.5 100.0 460.0   3.4 100.0 460.0   3.5
  0.0 392.0 392.0 100.0 460.0   3.4 100.0 460.0   3.5 100.0 460.0   3.4 100.0 460.0   3.5
  0.0 390.0 392.0 100.0 460.0   3.4 100.0 460.0   3.5 100.0 460.0   3.4 100.0 460.0   3.5
  0.0 390.0 390.0 100.0 460.0   3.4 100.0 460.0   3.5 100.0 460.0   3.5 100.0 460.0   3.5
  0.1 372.0 372.0 100.0 460.0   3.4 100.0 460.0   3.5 100.0 460.0   3.5 100.0 460.0   3.5
  0.5 307.0 307.0 100.0 460.0   3.4 100.0 460.0   3.5 100.0 460.0   3.5 100.0 460.0   3.5
  0.6 294.0 294.0 100.0 460.0   3.5 100.0 460.0   3.5 100.0 460.0   3.5 100.0 460.0   3.5
  0.6 292.0 292.0 100.0 460.0   3.5 100.0 460.0   3.5 100.0 460.0   3.5 100.0 460.0   3.4
  0.6 292.0 292.0 100.0 460.0   3.5 100.0 460.0   3.4 100.0 460.0   3.5 100.0 460.0   3.4
  0.0 385.0 385.0 100.0 460.0   3.5 100.0 460.0   3.4 100.0 460.0   3.5 100.0 460.0   3.4
  0.0 385.0 385.0 100.0 460.0   3.5 100.0 460.0   3.4 100.0 460.0   3.5 100.0 460.0   3.4
  0.1 383.0 383.0 100.0 460.0   3.9 100.0 460.0   3.4 100.0 460.0   3.8 100.0 460.0   3.2
  0.1 383.0 383.0 100.0 460.0   3.9 100.0 460.0   3.4 100.0 460.0   3.8 100.0 460.0   3.2
  0.1 383.0 383.0 100.0 460.0   3.9 100.0 460.0   3.4 100.0 460.0   3.8 100.0 460.0   3.2
  0.1 383.0 383.0 100.0 460.0   3.9 100.0 460.0   3.4 100.0 460.0   3.8 100.0 460.0   3.2
  0.0 387.0 387.0 100.0 460.0   3.9 100.0 460.0   3.4 100.0 460.0   3.8 100.0 460.0   3.2
  0.0 392.0 392.0 100.0 460.0   3.9 100.0 460.0   3.4 100.0 460.0   3.8 100.0 460.0   3.2
 -0.5 488.0 474.0 100.0 460.0   3.6 100.0 460.0   3.4 100.0 460.0   3.6 100.0 460.0   3.4
 -0.8 522.0 522.0 100.0 460.0   3.6 100.0 460.0   3.4 100.0 460.0   3.6 100.0 460.0   3.4
  0.0 392.0 392.0 100.0 460.0   3.6 100.0 460.0   3.5 100.0 460.0   3.6 100.0 460.0   3.5
  0.0 392.0 392.0 100.0 460.0   3.5 100.0 460.0   3.5 100.0 460.0   3.5 100.0 460.0   3.5
 -0.0 406.0 392.0 100.0 460.0   3.5 100.0 460.0   3.5 100.0 460.0   3.5 100.0 460.0   3.5
 -1.0 557.0 557.0 100.0 460.0   3.5 100.0 460.0   3.5 100.0 460.0   3.5 100.0 460.0   3.5
 -1.0 565.0 565.0 100.0 460.0   3.1 100.0 460.0   3.5 100.0 460.0   3.5 100.0 460.0   3.4
 -1.0 565.0 565.0 100.0 460.0   3.1 100.0 460.0   3.5 100.0 460.0   3.0 100.0 460.0   3.4
 -1.0 565.0 565.0 100.0 460.0   3.1 100.0 460.0   3.6 100.0 460.0   3.0 100.0 460.0   3.4
  0.0 392.0 392.0 100.0 460.0   3.1 100.0 460.0   3.6 100.0 460.0   3.0 100.0 460.0   3.4
  0.0 392.0 392.0 100.0 460.0   3.0 100.0 460.0   3.6 100.0 460.0   3.0 100.0 460.0   3.4
  0.0 392.0 392.0 100.0 460.0   3.0 100.0 460.0   3.5 100.0 460.0   2.9 100.0 460.0   3.3
  0.0 392.0 392.0 100.0 460.0   3.0 100.0 460.0   3.5 100.0 460.0   2.9 100.0 460.0   3.3
  0.0 392.0 392.0 100.0 460.0   3.0 100.0 460.0   3.5 100.0 460.0   2.9 100.0 460.0   3.3
 -1.0 565.0 565.0 100.0 460.0   2.7 100.0 460.0   3.5 100.0 460.0   2.9 100.0 460.0   3.3
  0.0 392.0 392.0 100.0 460.0   2.7 100.0 460.0   3.5 100.0 460.0   2.9 100.0 460.0   3.2
  0.0 392.0 392.0 100.0 460.0   2.7 100.0 460.0   3.5 100.0 460.0   2.6 100.0 460.0   3.2
  0.0 392.0 392.0 100.0 460.0   2.7 100.0 460.0   3.5 100.0 460.0   2.6 100.0 460.0   3.2
  0.0 392.0 392.0 100.0 460.0   2.6 100.0 460.0   3.0 100.0 460.0   2.6 100.0 460.0   3.2
 -0.3 461.0 424.0 100.0 460.0   2.6 100.0 460.0   3.0 100.0 460.0   2.6 100.0 460.0   2.8
 -1.0 565.0 565.0 100.0 460.0   2.6 100.0 460.0   3.0 100.0 460.0   2.3 100.0 460.0   2.8
  0.0 392.0 392.0 100.0 460.0   2.6 100.0 460.0   3.0 100.0 460.0   2.3 100.0 460.0   2.8
  0.0 392.0 392.0 100.0 460.0   2.4 100.0 460.0   2.7 100.0 460.0   2.3 100.0 460.0   2.7
 -0.6 499.0 499.0 100.0 460.0   2.4 100.0 460.0   2.7 100.0 460.0   2.3 100.0 460.0   2.7
 -1.0 565.0 565.0 100.0 460.0   2.4 100.0 460.0   2.7 100.0 460.0   2.3 100.0 460.0   2.7
 -0.7 509.0 509.0 100.0 460.0   2.4 100.0 460.0   2.8 100.0 460.0   2.3 100.0 460.0   2.7
  0.0 392.0 392.0 100.0 460.0   2.3 100.0 460.0   2.8 100.0 460.0   2.3 100.0 460.0   2.7
 -0.6 495.0 495.0 100.0 460.0   2.3 100.0 460.0   2.8 100.0 460.0   2.3 100.0 460.0   2.7
 -0.6 488.0 488.0 100.0 460.0   2.3 100.0 460.0   2.8 100.0 460.0   2.3 100.0 460.0   2.7
  0.0 392.0 392.0 100.0 460.0   2.3 100.0 460.0   2.8 100.0 460.0   2.2 100.0 460.0   2.7
 -0.2 422.0 422.0 100.0 460.0   2.3 100.0 460.0   2.8 100.0 460.0   2.2 100.0 460.0   2.7
 -0.1 415.0 415.0 100.0 460.0   2.3 100.0 460.0   2.8 100.0 460.0   2.2 100.0 460.0   2.7
  0.0 392.0 392.0 100.0 460.0   2.3 100.0 460.0   2.8 100.0 460.0   2.2 100.0 460.0   2.7
 -0.1 415.0 415.0 100.0 460.0   2.3 100.0 460.0   2.8 100.0 460.0   2.2 100.0 460.0   2.7
  0.0 392.0 392.0 100.0 460.0   2.3 100.0 460.0   2.8 100.0 460.0   2.1 100.0 460.0   2.6
 -0.5 474.0 474.0 100.0 460.0   2.2 100.0 460.0   2.8 100.0 460.0   2.1 100.0 460.0   2.6
  0.0 392.0 392.0 100.0 460.0   2.2 100.0 460.0   2.8 100.0 460.0   2.1 100.0 460.0   2.6
 -0.2 424.0 424.0 100.0 460.0   2.2 100.0 460.0   2.5 100.0 460.0   2.1 100.0 460.0   2.6
  0.4 330.0 330.0 100.0 460.0   2.2 100.0 460.0   2.5 100.0 460.0   2.1 100.0 460.0   2.4
  0.6 308.0 273.0 100.0 460.0   2.2 100.0 460.0   2.5 100.0 460.0   2.1 100.0 460.0   2.4
 -0.7 511.0 511.0 100.0 460.0   2.2 100.0 460.0   2.5 100.0 460.0   2.1 100.0 460.0   2.4
  0.1 369.0 369.0 100.0 460.0   2.2 100.0 460.0   2.4 100.0 460.0   2.1 100.0 460.0   2.4
 -0.1 401.0 401.0 100.0 460.0   2.2 100.0 460.0   2.4 100.0 460.0   2.1 100.0 460.0   2.4
 -1.0 565.0 565.0 100.0 460.0   2.2 100.0 460.0   2.4 100.0 460.0   2.1 100.0 460.0   2.4
  0.5 307.0 307.0 100.0 460.0   2.2 100.0 460.0   2.4 100.0 460.0   2.1 100.0 460.0   2.4
 -1.0 565.0 549.0 100.0 460.0   2.2 100.0 460.0   2.4 100.0 460.0   2.1 100.0 460.0   2.4
  0.2 358.0 358.0 100.0 460.0   2.2 100.0 460.0   2.4 100.0 460.0   2.1 100.0 460.0   2.4
 -0.1 408.0 408.0 100.0 460.0   2.2 100.0 460.0   2.4 100.0 460.0   2.2 100.0 460.0   2.4
 -1.0 565.0 565.0 100.0 460.0   2.2 100.0 460.0   2.4 100.0 460.0   2.2 100.0 460.0   2.4
  1.0 220.0 220.0 100.0 460.0   2.2 100.0 460.0   2.5 100.0 460.0   2.2 100.0 460.0   2.4
 -0.5 483.0 483.0 100.0 460.0   2.2 100.0 460.0   2.5 100.0 460.0   2.2 100.0 460.0   2.4
  1.0 220.0 220.0 100.0 460.0   2.2 100.0 460.0   2.5 100.0 460.0   2.2 100.0 460.0   2.4
  1.0 220.0 220.0 100.0 460.0   2.2 100.0 460.0   2.5 100.0 460.0   2.2 100.0 460.0   2.4
  1.0 220.0 220.0 100.0 460.0   2.2 100.0 460.0   2.5 100.0 460.0   2.2 100.0 460.0   2.4
  1.0 220.0 220.0 100.0 460.0   2.2 100.0 460.0   2.5 100.0 460.0   2.2 100.0 460.0   2.4
  1.0 220.0 220.0 100.0 460.0   2.2 100.0 460.0   2.5 100.0 460.0   2.2 100.0 460.0   2.4
 -1.0 565.0 565.0 100.0 460.0   2.2 100.0 460.0   2.5 100.0 460.0   2.2 100.0 460.0   2.4
 -1.0 565.0 565.0 100.0 460.0   2.2 100.0 460.0   2.5 100.0 460.0   2.2 100.0 460.0   2.4
 -1.0 565.0 565.0 100.0 460.0   2.2 100.0 460.0   2.5 100.0 460.0   2.2 100.0 460.0   2.4
 -1.0 565.0 565.0 100.0 460.0   2.2 100.0 460.0   2.2 100.0 460.0   2.2 100.0 460.0   2.4
 -1.0 565.0 565.0 100.0 460.0   2.2 100.0 460.0   2.2 100.0 460.0   2.2 100.0 460.0   2.4
  0.0 388.0 388.0 100.0 460.0   2.2 100.0 460.0   2.2 100.0 460.0   2.2 100.0 460.0   2.2
  1.0 220.0 220.0 100.0 460.0   2.2 100.0 460.0   2.2 100.0 460.0   2.0 100.0 460.0   2.2
  1.0 220.0 220.0 100.0 460.0   2.2 100.0 460.0   2.2 100.0 460.0   2.0 100.0 460.0   2.2
  1.0 220.0 220.0 100.0 460.0   2.2 100.0 460.0   2.2 100.0 460.0   2.0 100.0 460.0   2.2
  1.0 220.0 220.0 100.0 460.0   2.2 100.0 460.0   2.2 100.0 460.0   2.0 100.0 460.0   2.2
 -0.9 556.0 556.0 100.0 460.0   2.6 100.0 460.0   2.2 100.0 460.0   2.3 100.0 460.0   2.0
 -1.0 565.0 565.0 100.0 460.0   2.6 100.0 460.0   2.2 100.0 460.0   2.3 100.0 460.0   2.0
 -1.0 565.0 565.0 100.0 460.0   2.6 100.0 460.0   2.2 100.0 460.0   2.3 100.0 460.0   2.0
 -1.0 565.0 565.0 100.0 460.0   2.6 100.0 460.0   2.2 100.0 460.0   2.3 100.0 460.0   2.0
 -0.7 515.0 515.0 100.0 460.0   2.6 100.0 460.0   2.2 100.0 460.0   2.3 100.0 460.0   2.0
  0.7 273.0 273.0 100.0 460.0   2.0 100.0 460.0   2.6 100.0 460.0   2.0 100.0 460.0   2.2
  1.0 220.0 220.0 100.0 460.0   2.0 100.0 460.0   2.6 100.0 460.0   2.0 100.0 460.0   2.2
  1.0 220.0 220.0 100.0 460.0   2.0 100.0 460.0   2.6 100.0 460.0   2.0 100.0 460.0   2.2
  1.0 220.0 220.0 100.0 460.0   2.0 100.0 460.0   2.6 100.0 460.0   2.0 100.0 460.0   2.2
  1.0 220.0 220.0 100.0 460.0   2.6 100.0 460.0   2.6 100.0 460.0   2.0 100.0 460.0   2.2
  1.0 220.0 220.0 100.0 460.0   2.6 100.0 460.0   2.1 100.0 460.0   2.2 100.0 460.0   2.0
  1.0 220.0 220.0 100.0 460.0   2.6 100.0 460.0   2.1 100.0 460.0   2.2 100.0 460.0   2.0
  1.0 220.0 220.0 100.0 460.0   2.6 100.0 460.0   2.1 100.0 460.0   2.2 100.0 460.0   2.0
  1.0 220.0 220.0 100.0 460.0   2.6 100.0 460.0   2.1 100.0 460.0   2.2 100.0 460.0   2.0
  1.0 220.0 220.0 100.0 460.0   2.6 100.0 460.0   2.1 100.0 460.0   2.2 100.0 460.0   2.0
  1.0 220.0 220.0 100.0 460.0   2.6 100.0 460.0   2.0 100.0 460.0   2.2 100.0 460.0   2.0
  1.0 220.0 220.0 100.0 460.0   2.6 100.0 460.0   2.0 100.0 460.0   2.2 100.0 460.0   2.0
  0.0 392.0 392.0 100.0 460.0   2.7 100.0 460.0   2.0 100.0 460.0   2.2 100.0 460.0   2.0
  0.0 392.0 392.0 100.0 460.0   2.7 100.0 460.0   2.0 100.0 460.0   2.5 100.0 460.0   2.0
  0.0 392.0 392.0 100.0 460.0   2.7 100.0 460.0   2.0 100.0 460.0   2.5 100.0 460.0   2.0
  0.0 392.0 392.0 100.0 460.0   2.7 100.0 460.0   2.0 100.0 460.0   2.5 100.0 460.0   2.0
  0.0 392.0 392.0 100.0 460.0   2.7 100.0 460.0   2.0 100.0 460.0   2.5 100.0 460.0   2.0
  0.0 392.0 392.0 100.0 460.0   2.7 100.0 460.0   2.0 100.0 460.0   2.5 100.0 460.0   2.0
  0.0 392.0 392.0 100.0 460.0   2.7 100.0 460.0   2.0 100.0 460.0   2.5 100.0 460.0   2.0
  0.0 392.0 392.0 100.0 460.0   2.7 100.0 460.0   2.3 100.0 460.0   2.5 100.0 460.0   2.0
  0.0 392.0 392.0 100.0 460.0   2.4 100.0 460.0   2.3 100.0 460.0   2.5 100.0 460.0   2.0
  0.0 392.0 392.0 100.0 460.0   2.4 100.0 460.0   2.3 100.0 460.0   2.5 100.0 460.0   2.0
  0.0 392.0 392.0 100.0 460.0   2.4 100.0 460.0   2.3 100.0 460.0   2.5 100.0 460.0   2.0
  0.0 392.0 392.0 100.0 460.0   2.4 100.0 460.0   2.4 100.0 460.0   2.5 100.0 460.0   2.0
  0.0 392.0 392.0 100.0 460.0   2.4 100.0 460.0   2.4 100.0 460.0   2.5 100.0 460.0   2.5
  0.0 392.0 392.0 100.0 460.0   2.4 100.0 460.0   2.4 100.0 460.0   2.5 100.0 460.0   2.5
  0.0 392.0 392.0 100.0 460.0   2.4 100.0 460.0   2.6 100.0 460.0   2.5 100.0 460.0   2.5
  0.0 392.0 392.0 100.0 460.0   2.6 100.0 460.0   2.6 100.0 460.0   2.5 100.0 460.0   2.6
  0.0 392.0 392.0 100.0 460.0   2.6 100.0 460.0   2.6 100.0 460.0   2.7 100.0 460.0   2.6
  0.0 392.0 392.0 100.0 460.0   2.6 100.0 460.0   2.9 100.0 460.0   2.7 100.0 460.0   2.6
  0.0 392.0 392.0 100.0 460.0   2.9 100.0 460.0   2.9 100.0 460.0   2.7 100.0 460.0   2.8
  0.0 392.0 392.0 100.0 460.0   2.9 100.0 460.0   2.9 100.0 460.0   3.0 100.0 460.0   2.8
  0.0 392.0 392.0 100.0 460.0   2.9 100.0 460.0   3.2 100.0 460.0   3.0 100.0 460.0   2.8
  0.0 392.0 392.0 100.0 460.0   3.2 100.0 460.0   3.2 100.0 460.0   3.0 100.0 460.0   3.2
  0.0 392.0 392.0 100.0 460.0   3.2 100.0 460.0   3.2 100.0 460.0   3.2 100.0 460.0   3.2
  0.0 392.0 392.0 100.0 460.0   3.2 100.0 460.0   3.5 100.0 460.0   3.2 100.0 460.0   3.2
 -0.6 502.0 502.0 100.0 460.0   3.6 100.0 460.0   3.5 100.0 460.0   3.7 100.0 460.0   3.7
 -1.0 565.0 565.0 100.0 460.0   3.6 100.0 460.0   3.7 100.0 460.0   3.7 100.0 460.0   3.7
 -1.0 565.0 565.0 100.0 460.0   3.6 100.0 460.0   3.7 100.0 460.0   3.7 100.0 460.0   3.9
 -1.0 565.0 565.0 100.0 460.0   3.6 100.0 460.0   3.9 100.0 460.0   3.7 100.0 460.0   3.9
 -1.0 565.0 565.0 100.0 460.0   3.6 100.0 460.0   3.9 100.0 460.0   3.7 100.0 460.0   3.9
 -1.0 565.0 565.0 100.0 460.0   3.4 100.0 460.0   3.9 100.0 460.0   3.7 100.0 460.0   3.9
 -1.0 559.0 559.0 100.0 460.0   3.4 100.0 460.0   4.6 100.0 460.0   3.7 100.0 460.0   3.9
 -0.1 401.0 401.0 100.0 460.0   3.4 100.0 460.0   4.6 100.0 460.0   3.3 100.0 460.0   4.3
  0.0 392.0 392.0 100.0 460.0   3.4 100.0 460.0   4.7 100.0 460.0   3.3 100.0 460.0   4.3
  0.0 392.0 392.0 100.0 460.0   3.4 100.0 460.0   4.7 100.0 460.0   3.3 100.0 460.0   4.3
  0.0 392.0 392.0 100.0 460.0   3.4 100.0 460.0   4.7 100.0 460.0   3.3 100.0 460.0   4.3
  0.0 392.0 392.0 100.0 460.0   3.6 100.0 460.0   4.7 100.0 460.0   3.3 100.0 460.0   4.3
  0.0 392.0 392.0 100.0 460.0   3.6 100.0 460.0   4.7 100.0 460.0   3.3 100.0 460.0   4.3
  0.0 392.0 392.0 100.0 460.0   3.6 100.0 460.0   4.0 100.0 460.0   3.3 100.0 460.0   4.3
 -0.2 424.0 424.0 100.0 460.0   3.7 100.0 460.0   4.0 100.0 460.0   3.3 100.0 460.0   3.9
 -0.4 465.0 465.0 100.0 460.0   3.7 100.0 460.0   3.9 100.0 460.0   3.8 100.0 460.0   3.9
  0.0 392.0 392.0 100.0 460.0   3.7 100.0 460.0   3.9 100.0 460.0   3.8 100.0 460.0   3.9
  0.0 392.0 392.0 100.0 460.0   3.7 100.0 460.0   3.9 100.0 460.0   3.8 100.0 460.0   3.9
  0.1 372.0 372.0 100.0 460.0   3.7 100.0 460.0   3.9 100.0 460.0   3.6 100.0 460.0   3.9
  0.4 332.0 332.0 100.0 460.0   3.7 100.0 460.0   3.9 100.0 460.0   3.6 100.0 460.0   3.9
  0.5 314.0 314.0 100.0 460.0   3.7 100.0 460.0   3.9 100.0 460.0   3.8 100.0 460.0   3.9
  0.4 323.0 323.0 100.0 460.0   3.7 100.0 460.0   3.9 100.0 460.0   3.8 100.0 460.0   3.9
  0.0 392.0 392.0 100.0 460.0   3.7 100.0 460.0   3.9 100.0 460.0   3.8 100.0 460.0   3.9
  0.0 392.0 392.0 100.0 460.0   3.7 100.0 460.0   3.7 100.0 460.0   3.8 100.0 460.0   3.9
 -0.4 474.0 461.0 100.0 460.0   4.0 100.0 460.0   3.7 100.0 460.0   3.8 100.0 460.0   3.9
 -0.5 472.0 472.0 100.0 460.0   4.0 100.0 460.0   3.7 100.0 460.0   3.9 100.0 460.0   3.6
  0.0 392.0 392.0 100.0 460.0   4.0 100.0 460.0   3.7 100.0 460.0   3.9 100.0 460.0   3.6
  0.0 392.0 392.0 100.0 460.0   4.0 100.0 460.0   3.7 100.0 460.0   3.9 100.0 460.0   3.6
  0.0 392.0 392.0 100.0 460.0   4.0 100.0 460.0   4.0 100.0 460.0   3.9 100.0 460.0   3.6
  0.0 392.0 392.0 100.0 460.0   3.7 100.0 460.0   4.0 100.0 460.0   3.9 100.0 460.0   3.6
  0.0 392.0 392.0 100.0 460.0   3.7 100.0 460.0   4.0 100.0 460.0   3.9 100.0 460.0   3.8
  0.0 392.0 392.0 100.0 460.0   3.7 100.0 460.0   4.0 100.0 460.0   3.7 100.0 460.0   3.8
  0.0 392.0 392.0 100.0 460.0   3.7 100.0 460.0   4.0 100.0 460.0   3.7 100.0 460.0   3.8
  0.0 392.0 392.0 100.0 460.0   3.7 100.0 460.0   3.8 100.0 460.0   3.7 100.0 460.0   3.8
 -0.3 451.0 451.0 100.0 460.0   3.7 100.0 460.0   3.8 100.0 460.0   3.7 100.0 460.0   3.8
  0.0 392.0 392.0 100.0 460.0   3.7 100.0 460.0   3.8 100.0 460.0   3.7 100.0 460.0   3.8
  0.0 392.0 392.0 100.0 460.0   3.7 100.0 460.0   3.8 100.0 460.0   3.7 100.0 460.0   3.8
  0.0 392.0 392.0 100.0 460.0   3.7 100.0 460.0   3.8 100.0 460.0   3.7 100.0 460.0   3.8
  0.0 392.0 392.0 100.0 460.0   3.6 100.0 460.0   3.8 100.0 460.0   3.7 100.0 460.0   3.8
  0.0 392.0 392.0 100.0 460.0   3.6 100.0 460.0   3.8 100.0 460.0   3.7 100.0 460.0   3.8
  0.0 392.0 392.0 100.0 460.0   3.6 100.0 460.0   3.8 100.0 460.0   3.7 100.0 460.0   3.8
  0.0 392.0 392.0 100.0 460.0   3.6 100.0 460.0   3.8 100.0 460.0   3.7 100.0 460.0   3.8
  0.0 392.0 392.0 100.0 460.0   3.6 100.0 460.0   3.8 100.0 460.0   3.6 100.0 460.0   3.8
  0.0 392.0 392.0 100.0 460.0   3.6 100.0 460.0   3.8 100.0 460.0   3.6 100.0 460.0   3.7
  0.0 392.0 392.0 100.0 460.0   3.6 100.0 460.0   3.7 100.0 460.0   3.6 100.0 460.0   3.7
  0.0 392.0 392.0 100.0 460.0   3.6 100.0 460.0   3.7 100.0 460.0   3.7 100.0 460.0   3.7
  0.0 392.0 392.0 100.0 460.0   3.6 100.0 460.0   3.7 100.0 460.0   3.7 100.0 460.0   3.7
  0.0 392.0 392.0 100.0 460.0   3.6 100.0 460.0   3.7 100.0 460.0   3.6 100.0 460.0   3.7
  0.0 392.0 392.0 100.0 460.0   3.6 100.0 460.0   3.7 100.0 460.0   3.6 100.0 460.0   3.7
  0.0 392.0 392.0 100.0 460.0   3.6 100.0 460.0   3.7 100.0 460.0   3.6 100.0 460.0   3.7
  0.0 392.0 392.0 100.0 460.0   3.6 100.0 460.0   3.7 100.0 460.0   3.7 100.0 460.0   3.7
  0.0 392.0 392.0 100.0 460.0   3.6 100.0 460.0   3.7 100.0 460.0   3.7 100.0 460.0   3.7
  0.0 392.0 392.0 100.0 460.0   3.6 100.0 460.0   3.7 100.0 460.0   3.7 100.0 460.0   3.7
  0.0 392.0 392.0 100.0 460.0   3.6 100.0 460.0   3.7 100.0 460.0   3.6 100.0 460.0   3.7
  0.0 392.0 392.0 100.0 460.0   3.6 100.0 460.0   3.7 100.0 460.0   3.6 100.0 460.0   3.7
  0.0 392.0 392.0 100.0 460.0   3.6 100.0 460.0   3.7 100.0 460.0   3.7 100.0 460.0   3.7
  0.0 392.0 392.0 100.0 460.0   3.6 100.0 460.0   3.7 100.0 460.0   3.7 100.0 460.0   3.7
  0.0 392.0 392.0 100.0 460.0   3.6 100.0 460.0   3.7 100.0 460.0   3.7 100.0 460.0   3.7
  0.0 392.0 392.0 100.0 460.0   3.6 100.0 460.0   3.7 100.0 460.0   3.7 100.0 460.0   3.7
  0.0 392.0 392.0 100.0 460.0   3.6 100.0 460.0   3.7 100.0 460.0   3.7 100.0 460.0   3.7
  0.0 392.0 392.0 100.0 460.0   3.6 100.0 460.0   3.7 100.0 460.0   3.7 100.0 460.0   3.7
  0.0 392.0 392.0 100.0 460.0   3.6 100.0 460.0   3.7 100.0 460.0   3.7 100.0 460.0   3.7
  0.0 392.0 392.0 100.0 460.0   3.7 100.0 460.0   3.7 100.0 460.0   3.7 100.0 460.0   3.8
  0.0 392.0 392.0 100.0 460.0   3.7 100.0 460.0   3.8 100.0 460.0   3.7 100.0 460.0   3.8
  0.0 392.0 392.0 100.0 460.0   3.7 100.0 460.0   3.8 100.0 460.0   3.7 100.0 460.0   3.8
  0.0 392.0 392.0 100.0 460.0   3.7 100.0 460.0   3.8 100.0 460.0   3.7 100.0 460.0   3.8
  0.0 392.0 392.0 100.0 460.0   3.7 100.0 460.0   3.8 100.0 460.0   3.8 100.0 460.0   3.8
  0.5 314.0 314.0 100.0 460.0   3.7 100.0 460.0   3.8 100.0 460.0   3.8 100.0 460.0   3.8
  0.8 250.0 250.0 100.0 460.0   3.7 100.0 460.0   3.8 100.0 460.0   3.8 100.0 460.0   3.8
  0.0 392.0 392.0 100.0 460.0   3.7 100.0 460.0   3.8 100.0 460.0   3.8 100.0 460.0   3.8
  0.0 392.0 392.0 100.0 460.0   3.8 100.0 460.0   3.8 100.0 460.0   3.8 100.0 460.0   3.8
  0.0 392.0 392.0 100.0 460.0   3.8 100.0 460.0   3.8 100.0 460.0   3.8 100.0 460.0   3.8
  0.0 392.0 392.0 100.0 460.0   3.8 100.0 460.0   3.8 100.0 460.0   3.8 100.0 460.0   3.8
  0.0 392.0 392.0 100.0 460.0   3.8 100.0 460.0   3.7 100.0 460.0   3.8 100.0 460.0   3.6
  0.0 392.0 392.0 100.0 460.0   3.8 100.0 460.0   3.7 100.0 460.0   3.8 100.0 460.0   3.6
  0.0 392.0 392.0 100.0 460.0   3.8 100.0 460.0   3.7 100.0 460.0   3.8 100.0 460.0   3.6
  0.0 392.0 392.0 100.0 460.0   3.8 100.0 460.0   3.7 100.0 460.0   3.7 100.0 460.0   3.6
  0.7 273.0 273.0 100.0 460.0   3.8 100.0 460.0   3.7 100.0 460.0   3.7 100.0 460.0   3.6
  0.3 344.0 344.0 100.0 460.0   3.7 100.0 460.0   3.7 100.0 460.0   3.7 100.0 460.0   3.7
  0.0 392.0 392.0 100.0 460.0   3.7 100.0 460.0   3.7 100.0 460.0   3.7 100.0 460.0   3.7
  0.0 392.0 392.0 100.0 460.0   3.7 100.0 460.0   3.7 100.0 460.0   3.7 100.0 460.0   3.7
  0.0 392.0 392.0 100.0 460.0   3.7 100.0 460.0   3.7 100.0 460.0   3.7 100.0 460.0   3.7
  0.0 392.0 392.0 100.0 460.0   3.7 100.0 460.0   3.7 100.0 460.0   3.8 100.0 460.0   3.7
  0.0 392.0 392.0 100.0 460.0   3.7 100.0 460.0   3.7 100.0 460.0   3.8 100.0 460.0   3.7
  0.0 392.0 392.0 100.0 460.0   3.7 100.0 460.0   3.7 100.0 460.0   3.8 100.0 460.0   3.6
  0.0 392.0 392.0 100.0 460.0   3.7 100.0 460.0   3.7 100.0 460.0   3.8 100.0 460.0   3.6
  0.0 392.0 392.0 100.0 460.0   3.6 100.0 460.0   3.7 100.0 460.0   3.8 100.0 460.0   3.6
  0.0 392.0 392.0 100.0 460.0   3.6 100.0 460.0   3.7 100.0 460.0   3.6 100.0 460.0   3.6
  0.0 392.0 392.0 100.0 460.0   3.6 100.0 460.0   3.7 100.0 460.0   3.6 100.0 460.0   3.6
  0.0 392.0 392.0 100.0 460.0   3.6 100.0 460.0   3.7 100.0 460.0   3.6 100.0 460.0   3.7
  0.0 392.0 392.0 100.0 460.0   3.6 100.0 460.0   3.7 100.0 460.0   3.6 100.0 460.0   3.7
  0.0 392.0 392.0 100.0 460.0   3.6 100.0 460.0   3.7 100.0 460.0   3.6 100.0 460.0   3.7
  0.0 392.0 392.0 100.0 460.0   3.6 100.0 460.0   3.7 100.0 460.0   3.6 100.0 460.0   3.7
  0.0 392.0 392.0 100.0 460.0   3.6 100.0 460.0   3.7 100.0 460.0   3.7 100.0 460.0   3.7
  0.0 392.0 392.0 100.0 460.0   3.6 100.0 460.0   3.7 100.0 460.0   3.7 100.0 460.0   3.7
  0.0 392.0 392.0 100.0 460.0   3.6 100.0 460.0   3.7 100.0 460.0   3.7 100.0 460.0   3.7
  0.0 392.0 392.0 100.0 460.0   3.6 100.0 460.0   3.7 100.0 460.0   3.7 100.0 460.0   3.7
  0.0 392.0 392.0 100.0 460.0   3.6 100.0 460.0   3.7 100.0 460.0   3.7 100.0 460.0   3.7
  0.0 392.0 392.0 100.0 460.0   3.6 100.0 460.0   3.7 100.0 460.0   3.6 100.0 460.0   3.7
  0.0 392.0 392.0 100.0 460.0   3.6 100.0 460.0   3.7 100.0 460.0   3.6 100.0 460.0   3.7
  0.0 392.0 392.0 100.0 460.0   3.6 100.0 460.0   3.7 100.0 460.0   3.6 100.0 460.0   3.7
  0.0 392.0 392.0 100.0 460.0   3.6 100.0 460.0   3.7 100.0 460.0   3.6 100.0 460.0   3.7
  0.0 392.0 392.0 100.0 460.0   3.5 100.0 460.0   3.7 100.0 460.0   3.6 100.0 460.0   3.7
  0.0 392.0 392.0 100.0 460.0   3.5 100.0 460.0   3.6 100.0 460.0   3.6 100.0 460.0   3.6
  0.0 392.0 392.0 100.0 460.0   3.5 100.0 460.0   3.6 100.0 460.0   3.5 100.0 460.0   3.6
  0.0 392.0 392.0 100.0 460.0   3.5 100.0 460.0   3.6 100.0 460.0   3.5 100.0 460.0   3.6
  0.0 392.0 392.0 100.0 460.0   3.5 100.0 460.0   3.5 100.0 460.0   3.5 100.0 460.0   3.5
  0.0 392.0 392.0 100.0 460.0   3.5 100.0 460.0   3.5 100.0 460.0   3.5 100.0 460.0   3.5
  0.0 392.0 392.0 100.0 460.0   3.4 100.0 460.0   3.5 100.0 460.0   3.5 100.0 460.0   3.5
  0.0 392.0 392.0 100.0 460.0   3.4 100.0 460.0   4.9 100.0 460.0   3.5 100.0 460.0   3.4
  0.0 392.0 392.0 100.0 460.0   3.4 100.0 460.0   4.9 100.0 460.0   3.4 100.0 460.0   3.4
  0.0 392.0 392.0 100.0 460.0   3.4 100.0 460.0   4.9 100.0 460.0   3.4 100.0 460.0   3.4
  0.0 392.0 392.0 100.0 460.0   3.4 100.0 460.0   4.9 100.0 460.0   3.4 100.0 460.0   3.4
  0.0 392.0 392.0 100.0 460.0   3.4 100.0 460.0   4.9 100.0 460.0   3.4 100.0 460.0   3.4
  0.0 392.0 392.0 100.0 460.0   3.4 100.0 460.0   4.9 100.0 460.0   3.4 100.0 460.0   3.4
  0.0 392.0 392.0 100.0 460.0   3.4 100.0 460.0   3.5 100.0 460.0   3.4 100.0 460.0   3.4
  0.0 392.0 392.0 100.0 460.0   3.4 100.0 460.0   3.5 100.0 460.0   3.4 100.0 460.0   3.4
  0.0 392.0 392.0 100.0 460.0   3.4 100.0 460.0   3.5 100.0 460.0   3.4 100.0 460.0   3.4
  0.0 392.0 392.0 100.0 460.0   3.4 100.0 460.0   3.5 100.0 460.0   3.4 100.0 460.0   3.5
  0.0 392.0 392.0 100.0 460.0   3.4 100.0 460.0   3.5 100.0 460.0   3.4 100.0 460.0   3.5
  0.0 392.0 392.0 100.0 460.0   3.4 100.0 460.0   3.5 100.0 460.0   3.4 100.0 460.0   3.5
  0.0 392.0 392.0 100.0 460.0   3.4 100.0 460.0   3.5 100.0 460.0   3.4 100.0 460.0   3.5
  0.0 392.0 392.0 100.0 460.0   3.4 100.0 460.0   3.5 100.0 460.0   3.4 100.0 460.0   3.5
  0.0 392.0 392.0 100.0 460.0   3.4 100.0 460.0   3.5 100.0 460.0   3.4 100.0 460.0   3.5
  0.0 392.0 392.0 100.0 460.0   3.4 100.0 460.0   3.5 100.0 460.0   3.4 100.0 460.0   3.5
  0.0 392.0 392.0 100.0 460.0   3.4 100.0 460.0   3.5 100.0 460.0   3.4 100.0 460.0   3.5
  0.0 392.0 392.0 100.0 460.0   3.4 100.0 460.0   3.5 100.0 460.0   3.4 100.0 460.0   3.5
  0.0 392.0 392.0 100.0 460.0   3.4 100.0 460.0   3.5 100.0 460.0   3.4 100.0 460.0   3.5
  0.0 392.0 392.0 100.0 460.0   3.4 100.0 460.0   3.5 100.0 460.0   3.4 100.0 460.0   3.5
  0.0 392.0 392.0 100.0 460.0   3.4 100.0 460.0   3.5 100.0 460.0   3.4 100.0 460.0   3.4
  0.0 392.0 392.0 100.0 460.0   3.4 100.0 460.0   3.5 100.0 460.0   3.4 100.0 460.0   3.4
  0.0 392.0 392.0 100.0 460.0   3.4 100.0 460.0   3.5 100.0 460.0   3.4 100.0 460.0   3.4
  0.0 392.0 392.0 100.0 460.0   3.3 100.0 460.0   3.4 100.0 460.0   3.4 100.0 460.0   3.4
  0.0 392.0 392.0 100.0 460.0   3.3 100.0 460.0   3.4 100.0 460.0   3.3 100.0 460.0   3.4
  0.0 392.0 392.0 100.0 460.0   3.3 100.0 460.0   3.4 100.0 460.0   3.3 100.0 460.0   3.4
 -0.4 454.0 454.0 100.0 460.0   3.2 100.0 460.0   3.4 100.0 460.0   3.3 100.0 460.0   3.4
 -0.7 511.0 511.0 100.0 460.0   3.2 100.0 460.0   3.4 100.0 460.0   3.2 100.0 460.0   3.4
 -0.7 515.0 515.0 100.0 460.0   3.2 100.0 460.0   3.4 100.0 460.0   3.2 100.0 460.0   3.4
  0.0 392.0 392.0 100.0 460.0   3.2 100.0 460.0   3.4 100.0 460.0   3.2 100.0 460.0   3.4
  0.0 392.0 392.0 100.0 460.0   3.2 100.0 460.0   3.4 100.0 460.0   3.2 100.0 460.0   3.4
  0.0 392.0 392.0 100.0 460.0   3.2 100.0 460.0   3.6 100.0 460.0   3.2 100.0 460.0   3.4
  0.0 392.0 392.0 100.0 460.0   3.2 100.0 460.0   3.6 100.0 460.0   3.2 100.0 460.0   3.4
 -1.0 565.0 565.0 100.0 460.0   3.2 100.0 460.0   3.6 100.0 460.0   3.2 100.0 460.0   3.4
 -1.0 565.0 565.0 100.0 460.0   3.2 100.0 460.0   3.6 100.0 460.0   3.2 100.0 460.0   3.4
  0.0 392.0 392.0 100.0 460.0   3.2 100.0 460.0   3.6 100.0 460.0   3.2 100.0 460.0   3.4
  0.0 392.0 392.0 100.0 460.0   3.0 100.0 460.0   3.6 100.0 460.0   3.2 100.0 460.0   3.4
  0.0 392.0 392.0 100.0 460.0   3.0 100.0 460.0   3.6 100.0 460.0   2.8 100.0 460.0   3.4
  0.0 392.0 392.0 100.0 460.0   3.0 100.0 460.0   3.6 100.0 460.0   2.8 100.0 460.0   3.5
  0.0 392.0 392.0 100.0 460.0   3.2 100.0 460.0   3.6 100.0 460.0   2.8 100.0 460.0   3.5
  0.0 392.0 392.0 100.0 460.0   3.2 100.0 460.0   3.4 100.0 460.0   2.8 100.0 460.0   3.5
  0.0 392.0 392.0 100.0 460.0   3.2 100.0 460.0   3.4 100.0 460.0   2.9 100.0 460.0   3.4
  0.0 392.0 392.0 100.0 460.0   3.0 100.0 460.0   3.4 100.0 460.0   2.9 100.0 460.0   3.4
  0.0 392.0 392.0 100.0 460.0   3.0 100.0 460.0   3.1 100.0 460.0   2.9 100.0 460.0   3.4
  0.0 392.0 392.0 100.0 460.0   3.0 100.0 460.0   3.1 100.0 460.0   2.9 100.0 460.0   2.9
  0.0 392.0 392.0 100.0 460.0   3.0 100.0 460.0   3.1 100.0 460.0   2.9 100.0 460.0   2.9
  0.0 392.0 392.0 100.0 460.0   3.0 100.0 460.0   3.1 100.0 460.0   2.9 100.0 460.0   2.9
  0.0 392.0 392.0 100.0 460.0   3.0 100.0 460.0   3.0 100.0 460.0   2.9 100.0 460.0   2.9
  0.0 392.0 392.0 100.0 460.0   3.0 100.0 460.0   3.0 100.0 460.0   2.9 100.0 460.0   2.9
  0.0 392.0 392.0 100.0 460.0   3.0 100.0 460.0   3.0 100.0 460.0   2.9 100.0 460.0   2.9
  0.0 392.0 392.0 100.0 460.0   2.6 100.0 460.0   3.0 100.0 460.0   2.9 100.0 460.0   2.9
  0.0 392.0 392.0 100.0 460.0   2.6 100.0 460.0   2.7 100.0 460.0   2.9 100.0 460.0   2.9
  0.0 392.0 392.0 100.0 460.0   2.6 100.0 460.0   2.7 100.0 460.0   2.6 100.0 460.0   2.7
  0.0 392.0 392.0 100.0 460.0   2.6 100.0 460.0   2.7 100.0 460.0   2.6 100.0 460.0   2.7
  0.0 392.0 392.0 100.0 460.0   2.6 100.0 460.0   2.7 100.0 460.0   2.6 100.0 460.0   2.7
  0.0 392.0 392.0 100.0 460.0   2.6 100.0 460.0   2.7 100.0 460.0   2.6 100.0 460.0   2.7
  0.1 367.0 367.0 100.0 460.0   2.6 100.0 460.0   2.7 100.0 460.0   2.6 100.0 460.0   2.7
  0.2 355.0 355.0 100.0 460.0   2.6 100.0 460.0   2.7 100.0 460.0   2.6 100.0 460.0   2.7
  0.4 328.0 328.0 100.0 460.0   2.6 100.0 460.0   2.7 100.0 460.0   2.6 100.0 460.0   2.7
  0.0 385.0 385.0 100.0 460.0   2.6 100.0 460.0   2.7 100.0 460.0   2.7 100.0 460.0   2.7
  0.0 392.0 392.0 100.0 460.0   2.6 100.0 460.0   2.7 100.0 460.0   2.7 100.0 460.0   2.7
 -0.4 467.0 456.0 100.0 460.0   2.7 100.0 460.0   2.7 100.0 460.0   2.7 100.0 460.0   2.7
 -0.4 467.0 467.0 100.0 460.0   2.7 100.0 460.0   2.8 100.0 460.0   2.9 100.0 460.0   2.7
  0.0 392.0 392.0 100.0 460.0   2.7 100.0 460.0   2.8 100.0 460.0   2.9 100.0 460.0   2.8
  0.0 392.0 392.0 100.0 460.0   2.9 100.0 460.0   2.8 100.0 460.0   2.9 100.0 460.0   2.8
  0.0 392.0 392.0 100.0 460.0   2.9 100.0 460.0   2.8 100.0 460.0   2.9 100.0 460.0   2.8
  0.0 392.0 392.0 100.0 460.0   2.9 100.0 460.0   2.8 100.0 460.0   2.9 100.0 460.0   2.9
  0.0 392.0 392.0 100.0 460.0   3.0 100.0 460.0   2.8 100.0 460.0   2.9 100.0 460.0   2.9
 -0.3 445.0 445.0 100.0 460.0   3.0 100.0 460.0   3.2 100.0 460.0   2.9 100.0 460.0   2.9
 -0.5 474.0 474.0 100.0 460.0   3.0 100.0 460.0   3.2 100.0 460.0   3.0 100.0 460.0   3.2
 -0.2 424.0 424.0 100.0 460.0   3.0 100.0 460.0   3.2 100.0 460.0   3.0 100.0 460.0   3.2
  0.0 392.0 392.0 100.0 460.0   3.0 100.0 460.0   3.3 100.0 460.0   3.0 100.0 460.0   3.2
  0.0 392.0 392.0 100.0 460.0   3.0 100.0 460.0   3.3 100.0 460.0   3.0 100.0 460.0   3.2
  0.0 392.0 392.0 100.0 460.0   3.0 100.0 460.0   3.4 100.0 460.0   3.0 100.0 460.0   3.2
  0.0 392.0 392.0 100.0 460.0   3.1 100.0 460.0   3.4 100.0 460.0   3.0 100.0 460.0   3.2
  0.0 392.0 392.0 100.0 460.0   3.1 100.0 460.0   3.4 100.0 460.0   3.2 100.0 460.0   3.4
 -0.1 404.0 404.0 100.0 460.0   3.1 100.0 460.0   3.4 100.0 460.0   3.2 100.0 460.0   3.4
 -0.5 470.0 470.0 100.0 460.0   3.2 100.0 460.0   3.4 100.0 460.0   3.2 100.0 460.0   3.4
  0.0 392.0 392.0 100.0 460.0   3.2 100.0 460.0   3.4 100.0 460.0   3.3 100.0 460.0   3.4
  0.0 392.0 392.0 100.0 460.0   3.2 100.0 460.0   3.4 100.0 460.0   3.3 100.0 460.0   3.4
  0.0 392.0 392.0 100.0 460.0   3.3 100.0 460.0   3.4 100.0 460.0   3.3 100.0 460.0   3.5
  0.0 392.0 392.0 100.0 460.0   3.3 100.0 460.0   3.4 100.0 460.0   3.4 100.0 460.0   3.5
  0.0 392.0 392.0 100.0 460.0   3.3 100.0 460.0   3.6 100.0 460.0   3.4 100.0 460.0   3.5
  0.0 387.0 388.0 100.0 460.0   3.3 100.0 460.0   3.6 100.0 460.0   3.4 100.0 460.0   3.6
  0.3 344.0 344.0 100.0 460.0   3.3 100.0 460.0   3.6 100.0 460.0   3.4 100.0 460.0   3.6
  0.5 308.0 308.0 100.0 460.0   3.5 100.0 460.0   3.7 100.0 460.0   3.4 100.0 460.0   3.6
  0.5 314.0 314.0 100.0 460.0   3.5 100.0 460.0   3.7 100.0 460.0   3.4 100.0 460.0   3.6
  0.5 310.0 310.0 100.0 460.0   3.5 100.0 460.0   3.6 100.0 460.0   3.5 100.0 460.0   3.6
  0.0 392.0 392.0 100.0 460.0   3.7 100.0 460.0   3.6 100.0 460.0   3.5 100.0 460.0   3.6
  0.0 392.0 392.0 100.0 460.0   3.7 100.0 460.0   3.6 100.0 460.0   3.8 100.0 460.0   3.6
  0.0 392.0 392.0 100.0 460.0   3.8 100.0 460.0   3.6 100.0 460.0   3.8 100.0 460.0   3.6
 -0.2 426.0 426.0 100.0 460.0   3.8 100.0 460.0   3.6 100.0 460.0   3.8 100.0 460.0   3.6
  0.0 392.0 392.0 100.0 460.0   3.8 100.0 460.0   3.6 100.0 460.0   3.8 100.0 460.0   3.6
  0.0 392.0 392.0 100.0 460.0   3.8 100.0 460.0   3.6 100.0 460.0   3.8 100.0 460.0   3.6
  0.0 392.0 392.0 100.0 460.0   3.8 100.0 460.0   3.6 100.0 460.0   3.8 100.0 460.0   3.6
  0.0 392.0 392.0 100.0 460.0   3.8 100.0 460.0   3.6 100.0 460.0   3.6 100.0 460.0   3.6
  0.0 392.0 392.0 100.0 460.0   3.5 100.0 460.0   3.7 100.0 460.0   3.6 100.0 460.0   3.6
  0.0 392.0 392.0 100.0 460.0   3.5 100.0 460.0   3.7 100.0 460.0   3.6 100.0 460.0   3.7
  0.0 392.0 392.0 100.0 460.0   3.5 100.0 460.0   3.7 100.0 460.0   3.5 100.0 460.0   3.7
  0.5 308.0 308.0 100.0 460.0   3.5 100.0 460.0   3.7 100.0 460.0   3.5 100.0 460.0   3.7
  0.7 269.0 269.0 100.0 460.0   3.5 100.0 460.0   3.7 100.0 460.0   3.5 100.0 460.0   3.7
  0.7 271.0 271.0 100.0 460.0   3.5 100.0 460.0   3.7 100.0 460.0   3.5 100.0 460.0   3.7
  0.0 392.0 392.0 100.0 460.0   3.5 100.0 460.0   3.7 100.0 460.0   3.5 100.0 460.0   3.7
  0.0 392.0 392.0 100.0 460.0   3.5 100.0 460.0   3.7 100.0 460.0   3.5 100.0 460.0   3.6
  0.0 392.0 392.0 100.0 460.0   3.8 100.0 460.0   3.5 100.0 460.0   3.5 100.0 460.0   3.6
  0.0 392.0 392.0 100.0 460.0   3.8 100.0 460.0   3.5 100.0 460.0   3.5 100.0 460.0   3.6
  0.0 392.0 392.0 100.0 460.0   3.8 100.0 460.0   3.5 100.0 460.0   3.5 100.0 460.0   3.4
  0.0 392.0 392.0 100.0 460.0   3.8 100.0 460.0   3.5 100.0 460.0   3.5 100.0 460.0   3.4
  0.0 392.0 392.0 100.0 460.0   3.8 100.0 460.0   3.5 100.0 460.0   3.5 100.0 460.0   3.4
  0.0 392.0 392.0 100.0 460.0   3.8 100.0 460.0   3.5 100.0 460.0   3.5 100.0 460.0   3.4
  0.0 388.0 388.0 100.0 460.0   3.4 100.0 460.0   3.5 100.0 460.0   3.5 100.0 460.0   3.4
  0.1 376.0 376.0 100.0 460.0   3.4 100.0 460.0   3.5 100.0 460.0   3.5 100.0 460.0   3.4
  0.5 314.0 314.0 100.0 460.0   3.4 100.0 460.0   3.5 100.0 460.0   3.4 100.0 460.0   3.4
  0.2 360.0 360.0 100.0 460.0   3.4 100.0 460.0   3.5 100.0 460.0   3.4 100.0 460.0   3.4
  0.1 380.0 380.0 100.0 460.0   3.4 100.0 460.0   3.5 100.0 460.0   3.4 100.0 460.0   3.4
  0.0 392.0 392.0 100.0 460.0   3.5 100.0 460.0   3.5 100.0 460.0   3.4 100.0 460.0   3.4
  0.0 392.0 392.0 100.0 460.0   3.5 100.0 460.0   3.4 100.0 460.0   3.4 100.0 460.0   3.4
  0.0 392.0 392.0 100.0 460.0   3.5 100.0 460.0   3.4 100.0 460.0   3.5 100.0 460.0   3.4
  0.0 392.0 392.0 100.0 460.0   3.5 100.0 460.0   3.4 100.0 460.0   3.5 100.0 460.0   3.3
  0.3 342.0 342.0 100.0 460.0   3.5 100.0 460.0   3.4 100.0 460.0   3.5 100.0 460.0   3.3
  0.6 296.0 296.0 100.0 460.0   3.5 100.0 460.0   3.4 100.0 460.0   3.5 100.0 460.0   3.3
  0.0 392.0 392.0 100.0 460.0   3.4 100.0 460.0   3.4 100.0 460.0   3.5 100.0 460.0   3.2
  0.0 392.0 392.0 100.0 460.0   3.4 100.0 460.0   3.3 100.0 460.0   3.5 100.0 460.0   3.2
  0.0 392.0 392.0 100.0 460.0   3.4 100.0 460.0   3.3 100.0 460.0   3.3 100.0 460.0   3.2
  0.0 392.0 392.0 100.0 460.0   3.4 100.0 460.0   3.3 100.0 460.0   3.3 100.0 460.0   3.2
 -0.1 403.0 399.0 100.0 460.0   3.3 100.0 460.0   3.0 100.0 460.0   3.3 100.0 460.0   3.2
  0.0 392.0 392.0 100.0 460.0   3.3 100.0 460.0   3.0 100.0 460.0   3.3 100.0 460.0   3.2
  0.0 392.0 392.0 100.0 460.0   3.3 100.0 460.0   3.0 100.0 460.0   3.2 100.0 460.0   3.2
  0.0 392.0 392.0 100.0 460.0   3.0 100.0 460.0   3.0 100.0 460.0   3.2 100.0 460.0   2.8
 -0.1 410.0 410.0 100.0 460.0   3.0 100.0 460.0   3.0 100.0 460.0   3.2 100.0 460.0   2.8
 -0.4 468.0 468.0 100.0 460.0   3.0 100.0 460.0   3.0 100.0 460.0   3.2 100.0 460.0   2.8
  0.0 392.0 392.0 100.0 460.0   3.0 100.0 460.0   3.0 100.0 460.0   2.8 100.0 460.0   2.8
  0.0 392.0 392.0 100.0 460.0   2.7 100.0 460.0   3.0 100.0 460.0   2.8 100.0 460.0   2.8
  0.0 392.0 392.0 100.0 460.0   2.7 100.0 460.0   2.8 100.0 460.0   2.8 100.0 460.0   2.8
  0.0 392.0 392.0 100.0 460.0   2.7 100.0 460.0   2.8 100.0 460.0   2.8 100.0 460.0   2.8
  0.0 385.0 385.0 100.0 460.0   2.7 100.0 460.0   2.8 100.0 460.0   2.6 100.0 460.0   2.7
  0.8 248.0 248.0 100.0 460.0   2.5 100.0 460.0   2.8 100.0 460.0   2.6 100.0 460.0   2.7
  0.0 392.0 392.0 100.0 460.0   2.5 100.0 460.0   2.7 100.0 460.0   2.6 100.0 460.0   2.7
  0.0 392.0 392.0 100.0 460.0   2.5 100.0 460.0   2.7 100.0 460.0   2.6 100.0 460.0   2.7
  0.0 392.0 392.0 100.0 460.0   2.5 100.0 460.0   2.7 100.0 460.0   2.5 100.0 460.0   2.7
  0.0 392.0 392.0 100.0 460.0   2.5 100.0 460.0   2.7 100.0 460.0   2.5 100.0 460.0   2.6
  0.0 392.0 392.0 100.0 460.0   2.5 100.0 460.0   2.5 100.0 460.0   2.5 100.0 460.0   2.6
  0.1 372.0 372.0 100.0 460.0   2.5 100.0 460.0   2.5 100.0 460.0   2.5 100.0 460.0   2.6
  0.7 273.0 273.0 100.0 460.0   2.5 100.0 460.0   2.5 100.0 460.0   2.4 100.0 460.0   2.6
  0.0 392.0 392.0 100.0 460.0   2.5 100.0 460.0   2.5 100.0 460.0   2.4 100.0 460.0   2.3
  0.0 392.0 392.0 100.0 460.0   2.5 100.0 460.0   2.3 100.0 460.0   2.4 100.0 460.0   2.3
  0.0 392.0 392.0 100.0 460.0   2.5 100.0 460.0   2.3 100.0 460.0   2.4 100.0 460.0   2.3
  0.2 358.0 358.0 100.0 460.0   2.5 100.0 460.0   2.3 100.0 460.0   2.4 100.0 460.0   2.3
  1.0 220.0 220.0 100.0 460.0   2.5 100.0 460.0   2.3 100.0 460.0   2.4 100.0 460.0   2.3
  0.0 392.0 392.0 100.0 460.0   2.4 100.0 460.0   2.3 100.0 460.0   2.4 100.0 460.0   2.2
  0.0 392.0 392.0 100.0 460.0   2.4 100.0 460.0   2.2 100.0 460.0   2.4 100.0 460.0   2.2
  0.0 392.0 392.0 100.0 460.0   2.4 100.0 460.0   2.2 100.0 460.0   2.4 100.0 460.0   2.2
  0.0 392.0 392.0 100.0 460.0   2.4 100.0 460.0   2.2 100.0 460.0   2.4 100.0 460.0   2.2
  0.0 392.0 392.0 100.0 460.0   2.3 100.0 460.0   2.2 100.0 460.0   2.4 100.0 460.0   2.2
  0.0 392.0 392.0 100.0 460.0   2.3 100.0 460.0   2.2 100.0 460.0   2.4 100.0 460.0   2.1
  0.2 358.0 358.0 100.0 460.0   2.3 100.0 460.0   2.2 100.0 460.0   2.4 100.0 460.0   2.1
  1.0 220.0 220.0 100.0 460.0   2.3 100.0 460.0   2.2 100.0 460.0   2.3 100.0 460.0   2.1
  0.0 392.0 392.0 100.0 460.0   2.3 100.0 460.0   2.2 100.0 460.0   2.3 100.0 460.0   2.1
  0.0 392.0 392.0 100.0 460.0   2.2 100.0 460.0   2.2 100.0 460.0   2.3 100.0 460.0   2.1
  0.0 392.0 392.0 100.0 460.0   2.2 100.0 460.0   2.1 100.0 460.0   2.3 100.0 460.0   1.9
  0.0 392.0 392.0 100.0 460.0   2.2 100.0 460.0   2.1 100.0 460.0   2.3 100.0 460.0   1.9
  0.0 392.0 392.0 100.0 460.0   2.2 100.0 460.0   2.1 100.0 460.0   2.1 100.0 460.0   1.9
  0.0 392.0 392.0 100.0 460.0   2.2 100.0 460.0   2.1 100.0 460.0   2.1 100.0 460.0   1.9
  0.5 298.0 298.0 100.0 460.0   2.1 100.0 460.0   2.1 100.0 460.0   2.1 100.0 460.0   1.9
  1.0 220.0 220.0 100.0 460.0   2.1 100.0 460.0   2.0 100.0 460.0   2.1 100.0 460.0   1.9
  0.0 392.0 392.0 100.0 460.0   2.1 100.0 460.0   2.0 100.0 460.0   2.1 100.0 460.0   1.9
  0.0 392.0 392.0 100.0 460.0   2.1 100.0 460.0   2.0 100.0 460.0   2.0 100.0 460.0   1.9
  0.0 392.0 392.0 100.0 460.0   2.1 100.0 460.0   2.0 100.0 460.0   2.0 100.0 460.0   1.9
  0.1 383.0 383.0 100.0 460.0   2.1 100.0 460.0   2.0 100.0 460.0   2.0 100.0 460.0   1.9
  1.0 220.0 220.0 100.0 460.0   2.1 100.0 460.0   2.0 100.0 460.0   2.0 100.0 460.0   1.9
  0.0 392.0 392.0 100.0 460.0   2.1 100.0 460.0   2.0 100.0 460.0   2.0 100.0 460.0   1.9
  0.0 392.0 392.0 100.0 460.0   2.1 100.0 460.0   2.0 100.0 460.0   2.0 100.0 460.0   1.9
  0.0 392.0 392.0 100.0 460.0   2.0 100.0 460.0   2.0 100.0 460.0   2.0 100.0 460.0   1.9
  0.0 392.0 392.0 100.0 460.0   2.0 100.0 460.0   2.0 100.0 460.0   2.0 100.0 460.0   1.9
  0.0 392.0 392.0 100.0 460.0   2.0 100.0 460.0   2.0 100.0 460.0   2.0 100.0 460.0   1.9
  0.0 392.0 392.0 100.0 460.0   2.0 100.0 460.0   1.9 100.0 460.0   2.0 100.0 460.0   1.9
  0.8 259.0 259.0 100.0 460.0   2.0 100.0 460.0   1.9 100.0 460.0   2.0 100.0 460.0   1.8
  0.3 392.0 303.0 100.0 460.0   2.0 100.0 460.0   1.9 100.0 460.0   2.0 100.0 460.0   1.8
  0.0 392.0 392.0 100.0 460.0   2.0 100.0 460.0   1.9 100.0 460.0   2.0 100.0 460.0   1.8
  0.0 392.0 392.0 100.0 460.0   2.0 100.0 460.0   1.9 100.0 460.0   2.0 100.0 460.0   1.8
  0.0 392.0 392.0 100.0 460.0   2.0 100.0 460.0   1.8 100.0 460.0   2.0 100.0 460.0   1.8
  0.0 392.0 392.0 100.0 460.0   2.0 100.0 460.0   1.8 100.0 460.0   2.0 100.0 460.0   1.7
  0.6 294.0 294.0 100.0 460.0   2.0 100.0 460.0   1.8 100.0 460.0   1.8 100.0 460.0   1.7
  0.0 392.0 392.0 100.0 460.0   1.8 100.0 460.0   1.8 100.0 460.0   1.8 100.0 460.0   1.7
  0.0 392.0 392.0 100.0 460.0   1.8 100.0 460.0   1.8 100.0 460.0   1.8 100.0 460.0   1.7
  0.0 392.0 392.0 100.0 460.0   1.8 100.0 460.0   1.8 100.0 460.0   1.8 100.0 460.0   1.7
  0.0 392.0 392.0 100.0 460.0   1.8 100.0 460.0   1.8 100.0 460.0   1.8 100.0 460.0   1.7
  0.0 392.0 392.0 100.0 460.0   1.8 100.0 460.0   1.8 100.0 460.0   1.8 100.0 460.0   1.7
  0.0 392.0 392.0 100.0 460.0   1.8 100.0 460.0   1.8 100.0 460.0   1.8 100.0 460.0   1.7
  1.0 220.0 220.0 100.0 460.0   1.8 100.0 460.0   1.8 100.0 460.0   1.8 100.0 460.0   1.7
  0.0 392.0 392.0 100.0 460.0   1.8 100.0 460.0   1.8 100.0 460.0   1.8 100.0 460.0   1.7
  0.0 392.0 392.0 100.0 460.0   1.8 100.0 460.0   1.8 100.0 460.0   1.8 100.0 460.0   1.7
  0.0 392.0 392.0 100.0 460.0   1.8 100.0 460.0   1.7 100.0 460.0   1.8 100.0 460.0   1.7
  0.0 392.0 392.0 100.0 460.0   1.8 100.0 460.0   1.7 100.0 460.0   1.8 100.0 460.0   1.7
  0.0 392.0 392.0 100.0 460.0   1.8 100.0 460.0   1.7 100.0 460.0   1.7 100.0 460.0   1.6
  0.0 392.0 392.0 100.0 460.0   1.8 100.0 460.0   1.7 100.0 460.0   1.7 100.0 460.0   1.6
  1.0 220.0 220.0 100.0 460.0   1.7 100.0 460.0   1.7 100.0 460.0   1.7 100.0 460.0   1.6
  0.0 392.0 392.0 100.0 460.0   1.7 100.0 460.0   1.7 100.0 460.0   1.7 100.0 460.0   1.6
  0.0 392.0 392.0 100.0 460.0   1.7 100.0 460.0   1.7 100.0 460.0   1.7 100.0 460.0   1.6
  0.0 392.0 392.0 100.0 460.0   1.7 100.0 460.0   1.6 100.0 460.0   1.7 100.0 460.0   1.6
  0.0 392.0 392.0 100.0 460.0   1.7 100.0 460.0   1.6 100.0 460.0   1.6 100.0 460.0   1.6
  0.0 392.0 392.0 100.0 460.0   1.7 100.0 460.0   1.6 100.0 460.0   1.6 100.0 460.0   1.5
  0.0 392.0 392.0 100.0 460.0   1.6 100.0 460.0   1.6 100.0 460.0   1.6 100.0 460.0   1.5
  0.0 392.0 392.0 100.0 460.0   1.6 100.0 460.0   1.6 100.0 460.0   1.6 100.0 460.0   1.5
  0.0 392.0 392.0 100.0 460.0   1.6 100.0 460.0   1.6 100.0 460.0   1.6 100.0 460.0   1.5
  0.0 392.0 392.0 100.0 460.0   1.6 100.0 460.0   1.6 100.0 460.0   1.6 100.0 460.0   1.5
  0.1 372.0 372.0 100.0 460.0   1.6 100.0 460.0   1.6 100.0 460.0   1.6 100.0 460.0   1.5
  0.8 257.0 257.0 100.0 460.0   1.6 100.0 460.0   1.6 100.0 460.0   1.6 100.0 460.0   1.5
  0.0 392.0 392.0 100.0 460.0   1.6 100.0 460.0   1.6 100.0 460.0   1.6 100.0 460.0   1.5
  0.0 392.0 392.0 100.0 460.0   1.6 100.0 460.0   1.6 100.0 460.0   1.6 100.0 460.0   1.5
  0.0 392.0 392.0 100.0 460.0   1.6 100.0 460.0   1.6 100.0 460.0   1.6 100.0 460.0   1.5
  0.0 392.0 392.0 100.0 460.0   1.6 100.0 460.0   1.6 100.0 460.0   1.6 100.0 460.0   1.5
  0.0 392.0 392.0 100.0 460.0   1.6 100.0 460.0   1.5 100.0 460.0   1.6 100.0 460.0   1.5
  0.0 392.0 392.0 100.0 460.0   1.6 100.0 460.0   1.5 100.0 460.0   1.5 100.0 460.0   1.5
  0.5 307.0 307.0 100.0 460.0   1.6 100.0 460.0   1.5 100.0 460.0   1.5 100.0 460.0   1.5
  0.0 392.0 383.0 100.0 460.0   1.5 100.0 460.0   1.5 100.0 460.0   1.5 100.0 460.0   1.5
  0.0 392.0 392.0 100.0 460.0   1.5 100.0 460.0   1.5 100.0 460.0   1.5 100.0 460.0   1.5
  0.0 392.0 392.0 100.0 460.0   1.5 100.0 460.0   1.5 100.0 460.0   1.5 100.0 460.0   1.5
  0.0 392.0 392.0 100.0 460.0   1.5 100.0 460.0   1.6 100.0 460.0   1.5 100.0 460.0   1.5
  0.0 392.0 392.0 100.0 460.0   1.5 100.0 460.0   1.6 100.0 460.0   1.5 100.0 460.0   1.5
  0.0 392.0 392.0 100.0 460.0   1.5 100.0 460.0   1.6 100.0 460.0   1.5 100.0 460.0   1.5
  0.0 392.0 392.0 100.0 460.0   1.5 100.0 460.0   1.6 100.0 460.0   1.5 100.0 460.0   1.5
  0.1 372.0 372.0 100.0 460.0   1.5 100.0 460.0   1.6 100.0 460.0   1.5 100.0 460.0   1.5
  0.5 298.0 298.0 100.0 460.0   1.5 100.0 460.0   1.6 100.0 460.0   1.5 100.0 460.0   1.5
  0.0 392.0 392.0 100.0 460.0   1.5 100.0 460.0   1.6 100.0 460.0   1.5 100.0 460.0   1.5
  0.0 392.0 392.0 100.0 460.0   1.5 100.0 460.0   1.6 100.0 460.0   1.5 100.0 460.0   1.5
  0.0 392.0 392.0 100.0 460.0   1.5 100.0 460.0   1.6 100.0 460.0   1.6 100.0 460.0   1.5
  0.0 392.0 392.0 100.0 460.0   1.6 100.0 460.0   1.6 100.0 460.0   1.6 100.0 460.0   1.5
  0.6 292.0 292.0 100.0 460.0   1.6 100.0 460.0   1.6 100.0 460.0   1.6 100.0 460.0   1.5
  0.0 392.0 392.0 100.0 460.0   1.6 100.0 460.0   1.6 100.0 460.0   1.6 100.0 460.0   1.5
  0.0 392.0 392.0 100.0 460.0   1.6 100.0 460.0   1.6 100.0 460.0   1.6 100.0 460.0   1.5
  0.1 378.0 378.0 100.0 460.0   1.6 100.0 460.0   1.6 100.0 460.0   1.6 100.0 460.0   1.5
  0.6 282.0 282.0 100.0 460.0   1.6 100.0 460.0   1.6 100.0 460.0   1.6 100.0 460.0   1.5
  0.0 392.0 392.0 100.0 460.0   1.6 100.0 460.0   1.6 100.0 460.0   1.6 100.0 460.0   1.6
  0.0 392.0 392.0 100.0 460.0   1.6 100.0 460.0   1.6 100.0 460.0   1.6 100.0 460.0   1.6
  0.0 392.0 392.0 100.0 460.0   1.6 100.0 460.0   1.6 100.0 460.0   1.6 100.0 460.0   1.6
  0.0 392.0 392.0 100.0 460.0   1.6 100.0 460.0   1.6 100.0 460.0   1.6 100.0 460.0   1.6
  0.0 392.0 392.0 100.0 460.0   1.6 100.0 460.0   1.6 100.0 460.0   1.6 100.0 460.0   1.6
  0.0 392.0 392.0 100.0 460.0   1.6 100.0 460.0   1.6 100.0 460.0   1.6 100.0 460.0   1.6
  0.0 392.0 392.0 100.0 460.0   1.6 100.0 460.0   1.6 100.0 460.0   1.6 100.0 460.0   1.6
  0.0 392.0 392.0 100.0 460.0   1.6 100.0 460.0   1.6 100.0 460.0   1.6 100.0 460.0   1.6
  0.0 392.0 392.0 100.0 460.0   1.6 100.0 460.0   1.6 100.0 460.0   1.6 100.0 460.0   1.6
  0.0 392.0 392.0 100.0 460.0   1.6 100.0 460.0   1.6 100.0 460.0   1.6 100.0 460.0   1.6
  0.0 392.0 392.0 100.0 460.0   1.6 100.0 460.0   1.6 100.0 460.0   1.6 100.0 460.0   1.6
  0.1 371.0 371.0 100.0 460.0   1.6 100.0 460.0   1.6 100.0 460.0   1.6 100.0 460.0   1.6
  0.1 381.0 381.0 100.0 460.0   1.6 100.0 460.0   1.6 100.0 460.0   1.6 100.0 460.0   1.6
  0.2 356.0 356.0 100.0 460.0   1.6 100.0 460.0   1.6 100.0 460.0   1.6 100.0 460.0   1.6
  0.4 332.0 332.0 100.0 460.0   1.6 100.0 460.0   1.6 100.0 460.0   1.6 100.0 460.0   1.6
  0.0 392.0 392.0  99.2 459.0   1.6  99.2 459.0   1.6  99.2 459.0   1.6  99.2 459.0   1.6
  0.0 392.0 392.0  94.8 454.0   1.6  94.8 454.0   1.6  94.8 454.0   1.6  94.8 454.0   1.6
  0.0 392.0 392.0  89.5 448.0   1.6  89.5 448.0   1.6  89.5 448.0   1.6  89.5 448.0   1.6
  0.0 392.0 392.0  84.3 442.0   1.6  84.3 442.0   1.6  85.0 443.0   1.6  85.0 443.0   1.6
  0.0 392.0 392.0  79.8 437.0   1.6  79.8 437.0   1.6  79.8 437.0   1.6  79.8 437.0   1.6
  0.0 392.0 392.0  74.5 431.0   1.6  74.5 431.0   1.6  74.5 431.0   1.6  74.5 431.0   1.6
  0.0 392.0 392.0  70.0 427.0   1.6  70.0 427.0   1.7  70.0 427.0   1.6  70.0 427.0   1.6
  0.0 392.0 392.0  64.8 421.0   1.6  64.8 421.0   1.7  64.8 421.0   1.6  64.8 421.0   1.6
  0.0 392.0 392.0  59.5 415.0   1.6  59.5 415.0   1.7  59.5 415.0   1.7  60.3 416.0   1.6
  0.0 392.0 392.0  54.9 410.0   1.6  54.9 410.0   1.7  54.9 410.0   1.7  54.9 410.0   1.7
  0.0 392.0 392.0  49.6 404.0   1.7  49.6 404.0   1.7  50.4 405.0   1.7  50.4 405.0   1.7
  0.0 392.0 392.0  45.1 399.0   1.7  45.1 399.0   1.7  45.1 399.0   1.7  45.1 399.0   1.7
  0.0 392.0 392.0  39.9 393.0   1.7  39.9 393.0   1.7  39.9 393.0   1.7  39.9 393.0   1.7
  0.0 392.0 392.0  34.6 388.0   1.7  35.4 388.0   1.7  35.4 388.0   1.7  35.4 388.0   1.7
  0.0 392.0 392.0  30.1 383.0   1.7  30.1 383.0   1.7  30.1 383.0   1.7  30.1 383.0   1.7
  0.0 392.0 392.0  24.9 377.0   1.7  24.9 377.0   1.7  24.9 377.0   1.7  25.6 378.0   1.7
  0.0 392.0 392.0  20.4 372.0   1.7  20.4 372.0   1.7  20.4 372.0   1.7  20.4 372.0   1.6
  0.0 392.0 392.0  15.1 366.0   1.7  15.1 366.0   1.7  15.1 366.0   1.7  15.1 366.0   1.6
  0.0 392.0 392.0   9.9 360.0   1.7  10.6 361.0   1.7  10.6 361.0   1.7  10.6 361.0   1.6
  0.0 392.0 392.0   5.0 355.0   1.7   5.0 355.0   1.7   5.0 355.0   1.7   5.8 356.0   1.6
  0.0 392.0 392.0   0.3 350.0   1.7   0.3 350.0   1.7   0.3 350.0   1.7   0.3 350.0   1.6
  0.0 392.0 392.0   0.0 350.0   1.7   0.0 350.0   1.7   0.0 350.0   1.7   0.0 350.0   1.6
  0.0 392.0 392.0   0.0 350.0   1.7   0.0 350.0   1.7   0.0 350.0   1.6   0.0 350.0   1.6
  0.0 392.0 392.0   0.0 350.0   1.7   0.0 350.0   1.7   0.0 350.0   1.6   0.0 350.0   1.6
  0.0 392.0 392.0   0.0 350.0   1.7   0.0 350.0   1.7   0.0 350.0   1.6   0.0 350.0   1.6
  0.0 392.0 392.0   0.0 350.0   1.7   0.0 350.0   1.7   0.0 350.0   1.6   0.0 350.0   1.6
  0.0 392.0 392.0   0.0 350.0   1.7   0.0 350.0   1.7   0.0 350.0   1.6   0.0 350.0   1.6
  0.0 392.0 392.0   0.0 350.0   1.7   0.0 350.0   1.7   0.0 350.0   1.6   0.0 350.0   1.6
  0.0 392.0 392.0   0.0 350.0   1.7   0.0 350.0   1.7   0.0 350.0   1.6   0.0 350.0   1.6
  0.0 392.0 392.0   0.0 350.0   1.7   0.0 350.0   1.7   0.0 350.0   1.6   0.0 350.0   1.6
  0.0 392.0 392.0   0.0 350.0   1.7   0.0 350.0   1.7   0.0 350.0   1.6   0.0 350.0   1.6
  0.0 392.0 392.0   0.0 350.0   1.7   0.0 350.0   1.7   0.0 350.0   1.6   0.0 350.0   1.6
  0.0 392.0 392.0   0.0 350.0   1.7   0.0 350.0   1.7   0.0 350.0   1.6   0.0 350.0   1.6
  0.0 392.0 392.0   0.0 350.0   1.7   0.0 350.0   1.7   0.0 350.0   1.6   0.0 350.0   1.6
  0.0 392.0 392.0   0.0 350.0   1.7   0.0 350.0   1.7   0.0 350.0   1.6   0.0 350.0   1.6
  0.0 392.0 392.0   0.0 350.0   1.7   0.0 350.0   1.7   0.0 350.0   1.6   0.0 350.0   1.6
  0.0 392.0 392.0   0.0 350.0   1.7   0.0 350.0   1.7   0.0 350.0   1.6   0.0 350.0   1.6
  0.0 392.0 392.0   0.0 350.0   1.7   0.0 350.0   1.7   0.0 350.0   1.6   0.0 350.0   1.6
  0.0 392.0 392.0   0.0 350.0   1.7   0.0 350.0   1.7   0.0 350.0   1.6   0.0 350.0   1.6
  0.0 392.0 392.0   0.0 350.0   1.7   0.0 350.0   1.7   0.0 350.0   1.6   0.0 350.0   1.6
  0.0 392.0 392.0   0.0 350.0   1.7   0.0 350.0   1.7   0.0 350.0   1.6   0.0 350.0   1.6
  0.0 392.0 392.0   0.0 350.0   1.7   0.0 350.0   1.7   0.0 350.0   1.6   0.0 350.0   1.6
  0.0 392.0 392.0   0.0 350.0   1.7   0.0 350.0   1.7   0.0 350.0   1.6   0.0 350.0   1.6
  0.0 392.0 392.0   0.0 350.0   1.7   0.0 350.0   1.7   0.0 350.0   1.6   0.0 350.0   1.6
  0.0 392.0 392.0   0.0 350.0   1.7   0.0 350.0   1.7   0.0 350.0   1.6   0.0 350.0   1.6
  0.0 392.0 392.0   0.0 350.0   1.7   0.0 350.0   1.7   0.0 350.0   1.6   0.0 350.0   1.6
  0.0 392.0 392.0   0.0 350.0   1.7   0.0 350.0   1.7   0.0 350.0   1.6   0.0 350.0   1.6
  0.0 392.0 392.0   0.0 350.0   1.7   0.0 350.0   1.7   0.0 350.0   1.6   0.0 350.0   1.6
  0.0 392.0 392.0   0.0 350.0   1.7   0.0 350.0   1.7   0.0 350.0   1.6   0.0 350.0   1.6
  0.0 392.0 392.0   0.0 350.0   1.7   0.0 350.0   1.7   0.0 350.0   1.6   0.0 350.0   1.6
  0.0 392.0 392.0   0.0 350.0   1.7   0.0 350.0   1.7   0.0 350.0   1.6   0.0 350.0   1.6
  0.0 392.0 392.0   0.0 350.0   1.7   0.0 350.0   1.7   0.0 350.0   1.6   0.0 350.0   1.6
  0.0 392.0 392.0   0.0 350.0   1.7   0.0 350.0   1.7   0.0 350.0   1.6   0.0 350.0   1.6
  0.0 392.0 392.0   0.0 350.0   1.7   0.0 350.0   1.7   0.0 350.0   1.6   0.0 350.0   1.6
  0.0 392.0 392.0   0.0 350.0   1.7   0.0 350.0   1.7   0.0 350.0   1.6   0.0 350.0   1.6
  0.0 392.0 392.0   0.0 350.0   1.7   0.0 350.0   1.7   0.0 350.0   1.6   0.0 350.0   1.6
  0.0 392.0 392.0   0.0 350.0   1.7   0.0 350.0   1.7   0.0 350.0   1.6   0.0 350.0   1.6
  0.0 392.0 392.0   0.0 350.0   1.7   0.0 350.0   1.7   0.0 350.0   1.6   0.0 350.0   1.6
  0.0 392.0 392.0   0.0 350.0   1.7   0.0 350.0   1.7   0.0 350.0   1.6   0.0 350.0   1.6
  0.0 392.0 392.0   0.0 350.0   1.7   0.0 350.0   1.7   0.0 350.0   1.6   0.0 350.0   1.6
  0.0 392.0 392.0   0.0 350.0   1.7   0.0 350.0   1.7   0.0 350.0   1.6   0.0 350.0   1.6
  0.0 392.0 392.0   0.0 350.0   1.7   0.0 350.0   1.7   0.0 350.0   1.6   0.0 350.0   1.6
  0.0 392.0 392.0   0.0 350.0   1.7   0.0 350.0   1.7   0.0 350.0   1.6   0.0 350.0   1.6
  0.0 392.0 392.0   0.0 350.0   1.7   0.0 350.0   1.7   0.0 350.0   1.6   0.0 350.0   1.6
  0.0 392.0 392.0   0.0 350.0   1.7   0.0 350.0   1.7   0.0 350.0   1.6   0.0 350.0   1.6
  0.0 392.0 392.0   0.0 350.0   1.7   0.0 350.0   1.7   0.0 350.0   1.6   0.0 350.0   1.6
  0.0 392.0 392.0   0.0 350.0   1.7   0.0 350.0   1.7   0.0 350.0   1.6   0.0 350.0   1.6
  0.0 392.0 392.0   0.0 350.0   1.7   0.0 350.0   1.7   0.0 350.0   1.6   0.0 350.0   1.6
  0.0 392.0 392.0   0.0 350.0   1.7   0.0 350.0   1.7   0.0 350.0   1.6   0.0 350.0   1.6
  0.0 392.0 392.0   0.0 350.0   1.7   0.0 350.0   1.7   0.0 350.0   1.6   0.0 350.0   1.6
  0.0 392.0 392.0   0.0 350.0   1.7   0.0 350.0   1.7   0.0 350.0   1.6   0.0 350.0   1.6
  0.0 392.0 392.0   0.0 350.0   1.7   0.0 350.0   1.7   0.0 350.0   1.6   0.0 350.0   1.6
  0.0 392.0 392.0   0.0 350.0   1.7   0.0 350.0   1.7   0.0 350.0   1.6   0.0 350.0   1.6
  0.0 392.0 392.0   0.0 350.0   1.7   0.0 350.0   1.7   0.0 350.0   1.6   0.0 350.0   1.6
  0.0 392.0 392.0   0.0 350.0   1.7   0.0 350.0   1.7   0.0 350.0   1.6   0.0 350.0   1.6
  0.0 392.0 392.0   0.0 350.0   1.7   0.0 350.0   1.7   0.0 350.0   1.6   0.0 350.0   1.6
  0.0 392.0 392.0   0.0 350.0   1.7   0.0 350.0   1.7   0.0 350.0   1.6   0.0 350.0   1.6
  0.0 392.0 392.0   0.0 350.0   1.7   0.0 350.0   1.7   0.0 350.0   1.6   0.0 350.0   1.6
  0.0 392.0 392.0   0.0 350.0   1.7   0.0 350.0   1.7   0.0 350.0   1.6   0.0 350.0   1.6
  0.0 392.0 392.0   0.0 350.0   1.7   0.0 350.0   1.7   0.0 350.0   1.6   0.0 350.0   1.6
  0.0 392.0 392.0   0.0 350.0   1.7   0.0 350.0   1.7   0.0 350.0   1.6   0.0 350.0   1.6
  0.0 392.0 392.0   0.0 350.0   1.7   0.0 350.0   1.7   0.0 350.0   1.6   0.0 350.0   1.6
  0.0 392.0 392.0   0.0 350.0   1.7   0.0 350.0   1.7   0.0 350.0   1.6   0.0 350.0   1.6
  0.0 392.0 392.0   0.0 350.0   1.7   0.0 350.0   1.7   0.0 350.0   1.6   0.0 350.0   1.6
  0.0 392.0 392.0   0.0 350.0   1.7   0.0 350.0   1.7   0.0 350.0   1.6   0.0 350.0   1.6
  0.0 392.0 392.0   0.0 350.0   1.7   0.0 350.0   1.7   0.0 350.0   1.6   0.0 350.0   1.6
  0.0 392.0 392.0   0.0 350.0   1.7   0.0 350.0   1.7   0.0 350.0   1.6   0.0 350.0   1.6
  0.0 392.0 392.0   0.0 350.0   1.7   0.0 350.0   1.7   0.0 350.0   1.6   0.0 350.0   1.6
  0.0 392.0 392.0   0.0 350.0   1.7   0.0 350.0   1.7   0.0 350.0   1.6   0.0 350.0   1.6
  0.0 392.0 392.0   0.0 350.0   1.7   0.0 350.0   1.7   0.0 350.0   1.6   0.0 350.0   1.6
  0.0 392.0 392.0   0.0 350.0   1.7   0.0 350.0   1.7   0.0 350.0   1.6   0.0 350.0   1.6
  0.0 392.0 392.0   0.0 350.0   1.7   0.0 350.0   1.7   0.0 350.0   1.6   0.0 350.0   1.6
  0.0 392.0 392.0   0.0 350.0   1.7   0.0 350.0   1.7   0.0 350.0   1.6   0.0 350.0   1.6
  0.0 392.0 392.0   0.0 350.0   1.7   0.0 350.0   1.7   0.0 350.0   1.6   0.0 350.0   1.6
  0.0 392.0 392.0   0.0 350.0   1.7   0.0 350.0   1.7   0.0 350.0   1.6   0.0 350.0   1.6
  0.0 392.0 392.0   0.0 350.0   1.7   0.0 350.0   1.7   0.0 350.0   1.6   0.0 350.0   1.6
  0.0 392.0 392.0   0.0 350.0   1.7   0.0 350.0   1.7   0.0 350.0   1.6   0.0 350.0   1.6
  0.0 392.0 392.0   0.0 350.0   1.7   0.0 350.0   1.7   0.0 350.0   1.6   0.0 350.0   1.6
  0.0 392.0 392.0   0.0 350.0   1.7   0.0 350.0   1.7   0.0 350.0   1.6   0.0 350.0   1.6
  0.0 392.0 392.0   0.0 350.0   1.7   0.0 350.0   1.7   0.0 350.0   1.6   0.0 350.0   1.6
  0.0 392.0 392.0   0.0 350.0   1.7   0.0 350.0   1.7   0.0 350.0   1.6   0.0 350.0   1.6
  0.0 392.0 392.0   0.0 350.0   1.7   0.0 350.0   1.7   0.0 350.0   1.6   0.0 350.0   1.6
  0.0 392.0 392.0   0.0 350.0   1.7   0.0 350.0   1.7   0.0 350.0   1.6   0.0 350.0   1.6
  0.0 392.0 392.0   0.0 350.0   1.7   0.0 350.0   1.7   0.0 350.0   1.6   0.0 350.0   1.6
  0.0 392.0 392.0   0.0 350.0   1.7   0.0 350.0   1.7   0.0 350.0   1.6   0.0 350.0   1.6
  0.0 392.0 392.0   0.0 350.0   1.7   0.0 350.0   1.7   0.0 350.0   1.6   0.0 350.0   1.6
  0.0 392.0 392.0   0.0 350.0   1.7   0.0 350.0   1.7   0.0 350.0   1.6   0.0 350.0   1.6
  0.0 392.0 392.0   0.0 350.0   1.7   0.0 350.0   1.7   0.0 350.0   1.6   0.0 350.0   1.6
  0.0 392.0 392.0   0.0 350.0   1.7   0.0 350.0   1.7   0.0 350.0   1.6   0.0 350.0   1.6
  0.0 392.0 392.0   0.0 350.0   1.7   0.0 350.0   1.7   0.0 350.0   1.6   0.0 350.0   1.6
  0.0 392.0 392.0   0.0 350.0   1.7   0.0 350.0   1.7   0.0 350.0   1.6   0.0 350.0   1.6
  0.0 392.0 392.0   0.0 350.0   1.7   0.0 350.0   1.7   0.0 350.0   1.6   0.0 350.0   1.6
  0.0 392.0 392.0   0.0 350.0   1.7   0.0 350.0   1.7   0.0 350.0   1.6   0.0 350.0   1.6
  0.0 392.0 392.0   0.0 350.0   1.7   0.0 350.0   1.7   0.0 350.0   1.6   0.0 350.0   1.6
  0.0 392.0 392.0   0.0 350.0   1.7   0.0 350.0   1.7   0.0 350.0   1.6   0.0 350.0   1.6
  0.0 392.0 392.0   0.0 350.0   1.7   0.0 350.0   1.7   0.0 350.0   1.6   0.0 350.0   1.6
  0.0 392.0 392.0   0.0 350.0   1.7   0.0 350.0   1.7   0.0 350.0   1.6   0.0 350.0   1.6
  0.0 392.0 392.0   0.0 350.0   1.7   0.0 350.0   1.7   0.0 350.0   1.6   0.0 350.0   1.6
  0.0 392.0 392.0   0.0 350.0   1.7   0.0 350.0   1.7   0.0 350.0   1.6   0.0 350.0   1.6
  0.0 392.0 392.0   0.0 350.0   1.7   0.0 350.0   1.7   0.0 350.0   1.6   0.0 350.0   1.6
  0.0 392.0 392.0   0.0 350.0   1.7   0.0 350.0   1.7   0.0 350.0   1.6   0.0 350.0   1.6
  0.0 392.0 392.0   0.0 350.0   1.7   0.0 350.0   1.7   0.0 350.0   1.6   0.0 350.0   1.6
  0.0 392.0 392.0   0.0 350.0   1.7   0.0 350.0   1.7   0.0 350.0   1.6   0.0 350.0   1.6
  0.0 392.0 392.0   0.0 350.0   1.7   0.0 350.0   1.7   0.0 350.0   1.6   0.0 350.0   1.6
  0.0 392.0 392.0   0.0 350.0   1.7   0.0 350.0   1.7   0.0 350.0   1.6   0.0 350.0   1.6
  0.0 392.0 392.0   0.0 350.0   1.7   0.0 350.0   1.7   0.0 350.0   1.6   0.0 350.0   1.6
  0.0 392.0 392.0   0.0 350.0   1.7   0.0 350.0   1.7   0.0 350.0   1.6   0.0 350.0   1.6
  0.0 392.0 392.0   0.0 350.0   1.7   0.0 350.0   1.7   0.0 350.0   1.6   0.0 350.0   1.6
  0.0 392.0 392.0   0.0 350.0   1.7   0.0 350.0   1.7   0.0 350.0   1.6   0.0 350.0   1.6
  0.0 392.0 392.0   0.0 350.0   1.7   0.0 350.0   1.7   0.0 350.0   1.6   0.0 350.0   1.6
  0.0 392.0 392.0   0.0 350.0   1.7   0.0 350.0   1.7   0.0 350.0   1.6   0.0 350.0   1.6
  0.0 392.0 392.0   0.0 350.0   1.7   0.0 350.0   1.7   0.0 350.0   1.6   0.0 350.0   1.6
  0.0 392.0 392.0   0.0 350.0   1.7   0.0 350.0   1.7   0.0 350.0   1.6   0.0 350.0   1.6
  0.0 392.0 392.0   0.0 350.0   1.7   0.0 350.0   1.7   0.0 350.0   1.6   0.0 350.0   1.6
  0.0 392.0 392.0   0.0 350.0   1.7   0.0 350.0   1.7   0.0 350.0   1.6   0.0 350.0   1.6
  0.0 392.0 392.0   0.0 350.0   1.7   0.0 350.0   1.7   0.0 350.0   1.6   0.0 350.0   1.6
  0.0 392.0 392.0   0.0 350.0   1.7   0.0 350.0   1.7   0.0 350.0   1.6   0.0 350.0   1.6
  0.0 392.0 392.0   0.0 350.0   1.7   0.0 350.0   1.7   0.0 350.0   1.6   0.0 350.0   1.6
  0.0 392.0 392.0   0.0 350.0   1.7   0.0 350.0   1.7   0.0 350.0   1.6   0.0 350.0   1.6
  0.0 392.0 392.0   0.0 350.0   1.7   0.0 350.0   1.7   0.0 350.0   1.6   0.0 350.0   1.6
  0.0 392.0 392.0   0.0 350.0   1.7   0.0 350.0   1.7   0.0 350.0   1.6   0.0 350.0   1.6
  0.0 392.0 392.0   0.0 350.0   1.7   0.0 350.0   1.7   0.0 350.0   1.6   0.0 350.0   1.6
  0.0 392.0 392.0   0.0 350.0   1.7   0.0 350.0   1.7   0.0 350.0   1.6   0.0 350.0   1.6
  0.0 392.0 392.0   0.0 350.0   1.7   0.0 350.0   1.7   0.0 350.0   1.6   0.0 350.0   1.6
  0.0 392.0 392.0   0.0 350.0   1.7   0.0 350.0   1.7   0.0 350.0   1.6   0.0 350.0   1.6
  0.0 392.0 392.0   0.0 350.0   1.7   0.0 350.0   1.7   0.0 350.0   1.6   0.0 350.0   1.6
  0.0 392.0 392.0   0.0 350.0   1.7   0.0 350.0   1.7   0.0 350.0   1.6   0.0 350.0   1.6
  0.0 392.0 392.0   0.0 350.0   1.7   0.0 350.0   1.7   0.0 350.0   1.6   0.0 350.0   1.6
  0.0 392.0 392.0   0.0 350.0   1.7   0.0 350.0   1.7   0.0 350.0   1.6   0.0 350.0   1.6
  0.0 392.0 392.0   0.0 350.0   1.7   0.0 350.0   1.7   0.0 350.0   1.6   0.0 350.0   1.6
  0.0 392.0 392.0   0.0 350.0   1.7   0.0 350.0   1.7   0.0 350.0   1.6   0.0 350.0   1.6
  0.0 392.0 392.0   0.0 350.0   1.7   0.0 350.0   1.7   0.0 350.0   1.6   0.0 350.0   1.6
  0.0 392.0 392.0   0.0 350.0   1.7   0.0 350.0   1.7   0.0 350.0   1.6   0.0 350.0   1.6
  0.0 392.0 392.0   0.0 350.0   1.7   0.0 350.0   1.7   0.0 350.0   1.6   0.0 350.0   1.6
  0.0 392.0 392.0   0.0 350.0   1.7   0.0 350.0   1.7   0.0 350.0   1.6   0.0 350.0   1.6
  0.0 392.0 392.0   0.0 350.0   1.7   0.0 350.0   1.7   0.0 350.0   1.6   0.0 350.0   1.6
  0.0 392.0 392.0   0.0 350.0   1.7   0.0 350.0   1.7   0.0 350.0   1.6   0.0 350.0   1.6
  0.0 392.0 392.0   0.0 350.0   1.7   0.0 350.0   1.7   0.0 350.0   1.6   0.0 350.0   1.6
  0.0 392.0 392.0   0.0 350.0   1.7   0.0 350.0   1.7   0.0 350.0   1.6   0.0 350.0   1.6
  0.0 392.0 392.0   0.0 350.0   1.7   0.0 350.0   1.7   0.0 350.0   1.6   0.0 350.0   1.6
  0.0 392.0 392.0   0.0 350.0   1.7   0.0 350.0   1.7   0.0 350.0   1.6   0.0 350.0   1.6
  0.0 392.0 392.0   0.0 350.0   1.7   0.0 350.0   1.7   0.0 350.0   1.6   0.0 350.0   1.6
  0.0 392.0 392.0   0.0 350.0   1.7   0.0 350.0   1.7   0.0 350.0   1.6   0.0 350.0   1.6
  0.0 392.0 392.0   0.0 350.0   1.7   0.0 350.0   1.7   0.0 350.0   1.6   0.0 350.0   1.6
  0.0 392.0 392.0   0.0 350.0   1.7   0.0 350.0   1.7   0.0 350.0   1.6   0.0 350.0   1.6
  0.0 392.0 392.0   0.0 350.0   1.7   0.0 350.0   1.7   0.0 350.0   1.6   0.0 350.0   1.6
  0.0 392.0 392.0   0.0 350.0   1.7   0.0 350.0   1.7   0.0 350.0   1.6   0.0 350.0   1.6
  0.0 392.0 392.0   0.0 350.0   1.7   0.0 350.0   1.7   0.0 350.0   1.6   0.0 350.0   1.6
  0.0 392.0 392.0   0.0 350.0   1.7   0.0 350.0   1.7   0.0 350.0   1.6   0.0 350.0   1.6
  0.0 392.0 392.0   0.0 350.0   1.7   0.0 350.0   1.7   0.0 350.0   1.6   0.0 350.0   1.6
  0.0 392.0 392.0   0.0 350.0   1.7   0.0 350.0   1.7   0.0 350.0   1.6   0.0 350.0   1.6
  0.0 392.0 392.0   0.0 350.0   1.7   0.0 350.0   1.7   0.0 350.0   1.6   0.0 350.0   1.6
  0.0 392.0 392.0   0.0 350.0   1.7   0.0 350.0   1.7   0.0 350.0   1.6   0.0 350.0   1.6
  0.0 392.0 392.0   0.0 350.0   1.7   0.0 350.0   1.7   0.0 350.0   1.6   0.0 350.0   1.6
  0.0 392.0 392.0   0.0 350.0   1.7   0.0 350.0   1.7   0.0 350.0   1.6   0.0 350.0   1.6
  0.0 392.0 392.0   0.0 350.0   1.7   0.0 350.0   1.7   0.0 350.0   1.6   0.0 350.0   1.6
  0.0 392.0 392.0   0.0 350.0   1.7   0.0 350.0   1.7   0.0 350.0   1.6   0.0 350.0   1.6
  0.0 392.0 392.0   0.0 350.0   1.7   0.0 350.0   1.7   0.0 350.0   1.6   0.0 350.0   1.6
  0.0 392.0 392.0   0.0 350.0   1.7   0.0 350.0   1.7   0.0 350.0   1.6   0.0 350.0   1.6
  0.0 392.0 392.0   0.0 350.0   1.7   0.0 350.0   1.7   0.0 350.0   1.6   0.0 350.0   1.6
  0.0 392.0 392.0   0.0 350.0   1.7   0.0 350.0   1.7   0.0 350.0   1.6   0.0 350.0   1.6
  0.0 392.0 392.0   0.0 350.0   1.7   0.0 350.0   1.7   0.0 350.0   1.6   0.0 350.0   1.6
  0.0 392.0 392.0   0.0 350.0   1.7   0.0 350.0   1.7   0.0 350.0   1.6   0.0 350.0   1.6
  0.0 392.0 392.0   0.0 350.0   1.7   0.0 350.0   1.7   0.0 350.0   1.6   0.0 350.0   1.6
  0.0 392.0 392.0   0.0 350.0   1.7   0.0 350.0   1.7   0.0 350.0   1.6   0.0 350.0   1.6
  0.0 392.0 392.0   0.0 350.0   1.7   0.0 350.0   1.7   0.0 350.0   1.6   0.0 350.0   1.6
  0.0 392.0 392.0   0.0 350.0   1.7   0.0 350.0   1.7   0.0 350.0   1.6   0.0 350.0   1.6
  0.0 392.0 392.0   0.0 350.0   1.7   0.0 350.0   1.7   0.0 350.0   1.6   0.0 350.0   1.6
  0.0 392.0 392.0   0.0 350.0   1.7   0.0 350.0   1.7   0.0 350.0   1.6   0.0 350.0   1.6
  0.0 392.0 392.0   0.0 350.0   1.7   0.0 350.0   1.7   0.0 350.0   1.6   0.0 350.0   1.6
  0.0 392.0 392.0   0.0 350.0   1.7   0.0 350.0   1.7   0.0 350.0   1.6   0.0 350.0   1.6
  0.0 392.0 392.0   0.0 350.0   1.7   0.0 350.0   1.7   0.0 350.0   1.6   0.0 350.0   1.6
  0.0 392.0 392.0   0.0 350.0   1.7   0.0 350.0   1.7   0.0 350.0   1.6   0.0 350.0   1.6
  0.0 392.0 392.0   0.0 350.0   1.7   0.0 350.0   1.7   0.0 350.0   1.6   0.0 350.0   1.6
  0.0 392.0 392.0   0.0 350.0   1.7   0.0 350.0   1.7   0.0 350.0   1.6   0.0 350.0   1.6
  0.0 392.0 392.0   0.0 350.0   1.7   0.0 350.0   1.7   0.0 350.0   1.6   0.0 350.0   1.6
  0.0 392.0 392.0   0.0 350.0   1.7   0.0 350.0   1.7   0.0 350.0   1.6   0.0 350.0   1.6
  0.0 392.0 392.0   0.0 350.0   1.7   0.0 350.0   1.7   0.0 350.0   1.6   0.0 350.0   1.6
  0.0 392.0 392.0   0.0 350.0   1.7   0.0 350.0   1.7   0.0 350.0   1.6   0.0 350.0   1.6
  0.0 392.0 392.0   0.0 350.0   1.7   0.0 350.0   1.7   0.0 350.0   1.6   0.0 350.0   1.6
  0.0 392.0 392.0   0.0 350.0   1.7   0.0 350.0   1.7   0.0 350.0   1.6   0.0 350.0   1.6
  0.0 392.0 392.0   0.0 350.0   1.7   0.0 350.0   1.7   0.0 350.0   1.6   0.0 350.0   1.6
  0.0 392.0 392.0   0.0 350.0   1.7   0.0 350.0   1.7   0.0 350.0   1.6   0.0 350.0   1.6
  0.0 392.0 392.0   0.0 350.0   1.7   0.0 350.0   1.7   0.0 350.0   1.6   0.0 350.0   1.6
  0.0 392.0 392.0   0.0 350.0   1.7   0.0 350.0   1.7   0.0 350.0   1.6   0.0 350.0   1.6
  0.0 392.0 392.0   0.0 350.0   1.7   0.0 350.0   1.7   0.0 350.0   1.6   0.0 350.0   1.6
  0.0 392.0 392.0   0.0 350.0   1.7   0.0 350.0   1.7   0.0 350.0   1.6   0.0 350.0   1.6
  0.0 392.0 392.0   0.0 350.0   1.7   0.0 350.0   1.7   0.0 350.0   1.6   0.0 350.0   1.6
  0.0 392.0 392.0   0.0 350.0   1.7   0.0 350.0   1.7   0.0 350.0   1.6   0.0 350.0   1.6
  0.0 392.0 392.0   0.0 350.0   1.7   0.0 350.0   1.7   0.0 350.0   1.6   0.0 350.0   1.6
  0.0 392.0 392.0   0.0 350.0   1.7   0.0 350.0   1.7   0.0 350.0   1.6   0.0 350.0   1.6
  0.0 392.0 392.0   0.0 350.0   1.7   0.0 350.0   1.7   0.0 350.0   1.6   0.0 350.0   1.6
  0.0 392.0 392.0   0.0 350.0   1.7   0.0 350.0   1.7   0.0 350.0   1.6   0.0 350.0   1.6
  0.0 392.0 392.0   0.0 350.0   1.7   0.0 350.0   1.7   0.0 350.0   1.6   0.0 350.0   1.6
  0.0 392.0 392.0   0.0 350.0   1.7   0.0 350.0   1.7   0.0 350.0   1.6   0.0 350.0   1.6
  0.0 392.0 392.0   0.0 350.0   1.7   0.0 350.0   1.7   0.0 350.0   1.6   0.0 350.0   1.6
  0.0 392.0 392.0   0.0 350.0   1.7   0.0 350.0   1.7   0.0 350.0   1.6   0.0 350.0   1.6
  0.0 392.0 392.0   0.0 350.0   1.7   0.0 350.0   1.7   0.0 350.0   1.6   0.0 350.0   1.6
  0.0 392.0 392.0   0.0 350.0   1.7   0.0 350.0   1.7   0.0 350.0   1.6   0.0 350.0   1.6
  0.0 392.0 392.0   0.0 350.0   1.7   0.0 350.0   1.7   0.0 350.0   1.6   0.0 350.0   1.6
  0.0 392.0 392.0   0.0 350.0   1.7   0.0 350.0   1.7   0.0 350.0   1.6   0.0 350.0   1.6
  0.0 392.0 392.0   0.0 350.0   1.7   0.0 350.0   1.7   0.0 350.0   1.6   0.0 350.0   1.6
  0.0 392.0 392.0   0.0 350.0   1.7   0.0 350.0   1.7   0.0 350.0   1.6   0.0 350.0   1.6
  0.0 392.0 392.0   0.0 350.0   1.7   0.0 350.0   1.7   0.0 350.0   1.6   0.0 350.0   1.6
  0.0 392.0 392.0   0.0 350.0   1.7   0.0 350.0   1.7   0.0 350.0   1.6   0.0 350.0   1.6
  0.0 392.0 392.0   0.0 350.0   1.7   0.0 350.0   1.7   0.0 350.0   1.6   0.0 350.0   1.6
  0.0 392.0 392.0   0.0 350.0   1.7   0.0 350.0   1.7   0.0 350.0   1.6   0.0 350.0   1.6
  0.0 392.0 392.0   0.0 350.0   1.7   0.0 350.0   1.7   0.0 350.0   1.6   0.0 350.0   1.6
  0.0 392.0 392.0   0.0 350.0   1.7   0.0 350.0   1.7   0.0 350.0   1.6   0.0 350.0   1.6
  0.0 392.0 392.0   0.0 350.0   1.7   0.0 350.0   1.7   0.0 350.0   1.6   0.0 350.0   1.6
  0.0 392.0 392.0   0.0 350.0   1.7   0.0 350.0   1.7   0.0 350.0   1.6   0.0 350.0   1.6
  0.0 392.0 392.0   0.0 350.0   1.7   0.0 350.0   1.7   0.0 350.0   1.6   0.0 350.0   1.6
  0.0 392.0 392.0   0.0 350.0   1.7   0.0 350.0   1.7   0.0 350.0   1.6   0.0 350.0   1.6
  0.0 392.0 392.0   0.0 350.0   1.7   0.0 350.0   1.7   0.0 350.0   1.6   0.0 350.0   1.6
  0.0 392.0 392.0   0.0 350.0   1.7   0.0 350.0   1.7   0.0 350.0   1.6   0.0 350.0   1.6
  0.0 392.0 392.0   0.0 350.0   1.7   0.0 350.0   1.7   0.0 350.0   1.6   0.0 350.0   1.6
  0.0 392.0 392.0   0.0 350.0   1.7   0.0 350.0   1.7   0.0 350.0   1.6   0.0 350.0   1.6
  0.0 392.0 392.0   0.0 350.0   1.7   0.0 350.0   1.7   0.0 350.0   1.6   0.0 350.0   1.6
  0.0 392.0 392.0   0.0 350.0   1.7   0.0 350.0   1.7   0.0 350.0   1.6   0.0 350.0   1.6
  0.0 392.0 392.0   0.0 350.0   1.7   0.0 350.0   1.7   0.0 350.0   1.6   0.0 350.0   1.6
  0.0 392.0 392.0   0.0 350.0   1.7   0.0 350.0   1.7   0.0 350.0   1.6   0.0 350.0   1.6
  0.0 392.0 392.0   0.0 350.0   1.7   0.0 350.0   1.7   0.0 350.0   1.6   0.0 350.0   1.6
  0.0 392.0 392.0   0.0 350.0   1.7   0.0 350.0   1.7   0.0 350.0   1.6   0.0 350.0   1.6
  0.0 392.0 392.0   0.0 350.0   1.7   0.0 350.0   1.7   0.0 350.0   1.6   0.0 350.0   1.6
  0.0 392.0 392.0   0.0 350.0   1.7   0.0 350.0   1.7   0.0 350.0   1.6   0.0 350.0   1.6
  0.0 392.0 392.0   0.0 350.0   1.7   0.0 350.0   1.7   0.0 350.0   1.6   0.0 350.0   1.6
  0.0 392.0 392.0   0.0 350.0   1.7   0.0 350.0   1.7   0.0 350.0   1.6   0.0 350.0   1.6
  0.0 392.0 392.0   0.0 350.0   1.7   0.0 350.0   1.7   0.0 350.0   1.6   0.0 350.0   1.6
  0.0 392.0 392.0   0.0 350.0   1.7   0.0 350.0   1.7   0.0 350.0   1.6   0.0 350.0   1.6
  0.0 392.0 392.0   0.0 350.0   1.7   0.0 350.0   1.7   0.0 350.0   1.6   0.0 350.0   1.6
  0.0 392.0 392.0   0.0 350.0   1.7   0.0 350.0   1.7   0.0 350.0   1.6   0.0 350.0   1.6
  0.0 392.0 392.0   0.0 350.0   1.7   0.0 350.0   1.7   0.0 350.0   1.6   0.0 350.0   1.6
  0.0 392.0 392.0   0.0 350.0   1.7   0.0 350.0   1.7   0.0 350.0   1.6   0.0 350.0   1.6
  0.0 392.0 392.0   0.0 350.0   1.7   0.0 350.0   1.7   0.0 350.0   1.6   0.0 350.0   1.6
  0.0 392.0 392.0   0.0 350.0   1.7   0.0 350.0   1.7   0.0 350.0   1.6   0.0 350.0   1.6
  0.0 392.0 392.0   0.0 350.0   1.7   0.0 350.0   1.7   0.0 350.0   1.6   0.0 350.0   1.6
  0.0 392.0 392.0   0.0 350.0   1.7   0.0 350.0   1.7   0.0 350.0   1.6   0.0 350.0   1.6
  0.0 392.0 392.0   0.0 350.0   1.7   0.0 350.0   1.7   0.0 350.0   1.6   0.0 350.0   1.6
  0.0 392.0 392.0   0.0 350.0   1.7   0.0 350.0   1.7   0.0 350.0   1.6   0.0 350.0   1.6
  0.0 392.0 392.0   0.0 350.0   1.7   0.0 350.0   1.7   0.0 350.0   1.6   0.0 350.0   1.6
  0.0 392.0 392.0   0.0 350.0   1.7   0.0 350.0   1.7   0.0 350.0   1.6   0.0 350.0   1.6
  0.0 392.0 392.0   0.0 350.0   1.7   0.0 350.0   1.7   0.0 350.0   1.6   0.0 350.0   1.6
  0.0 392.0 392.0   0.0 350.0   1.7   0.0 350.0   1.7   0.0 350.0   1.6   0.0 350.0   1.6
  0.0 392.0 392.0   0.0 350.0   1.7   0.0 350.0   1.7   0.0 350.0   1.6   0.0 350.0   1.6
  0.0 392.0 392.0   0.0 350.0   1.7   0.0 350.0   1.7   0.0 350.0   1.6   0.0 350.0   1.6
  0.0 392.0 392.0   0.0 350.0   1.7   0.0 350.0   1.7   0.0 350.0   1.6   0.0 350.0   1.6
  0.0 392.0 392.0   0.0 350.0   1.7   0.0 350.0   1.7   0.0 350.0   1.6   0.0 350.0   1.6
  0.0 392.0 392.0   0.0 350.0   1.7   0.0 350.0   1.7   0.0 350.0   1.6   0.0 350.0   1.6
  0.0 392.0 392.0   0.0 350.0   1.7   0.0 350.0   1.7   0.0 350.0   1.6   0.0 350.0   1.6
  0.0 392.0 392.0   0.0 350.0   1.7   0.0 350.0   1.7   0.0 350.0   1.6   0.0 350.0   1.6
  0.0 392.0 392.0   0.0 350.0   1.7   0.0 350.0   1.7   0.0 350.0   1.6   0.0 350.0   1.6
  0.0 392.0 392.0   0.0 350.0   1.7   0.0 350.0   1.7   0.0 350.0   1.6   0.0 350.0   1.6
  0.0 392.0 392.0   0.0 350.0   1.7   0.0 350.0   1.7   0.0 350.0   1.6   0.0 350.0   1.6
  0.0 392.0 392.0   0.0 350.0   1.7   0.0 350.0   1.7   0.0 350.0   1.6   0.0 350.0   1.6
  0.0 392.0 392.0   0.0 350.0   1.7   0.0 350.0   1.7   0.0 350.0   1.6   0.0 350.0   1.6
  0.0 392.0 392.0   0.0 350.0   1.7   0.0 350.0   1.7   0.0 350.0   1.6   0.0 350.0   1.6
  0.0 392.0 392.0   0.0 350.0   1.7   0.0 350.0   1.7   0.0 350.0   1.6   0.0 350.0   1.6
  0.0 392.0 392.0   0.0 350.0   1.7   0.0 350.0   1.7   0.0 350.0   1.6   0.0 350.0   1.6
  0.0 392.0 392.0   0.0 350.0   1.7   0.0 350.0   1.7   0.0 350.0   1.6   0.0 350.0   1.6
  0.0 392.0 392.0   0.0 350.0   1.7   0.0 350.0   1.7   0.0 350.0   1.6   0.0 350.0   1.6
  0.0 392.0 392.0   0.0 350.0   1.7   0.0 350.0   1.7   0.0 350.0   1.6   0.0 350.0   1.6
  0.0 392.0 392.0   0.0 350.0   1.7   0.0 350.0   1.7   0.0 350.0   1.6   0.0 350.0   1.6
  0.0 392.0 392.0   0.0 350.0   1.7   0.0 350.0   1.7   0.0 350.0   1.6   0.0 350.0   1.6
  0.0 392.0 392.0   0.0 350.0   1.7   0.0 350.0   1.7   0.0 350.0   1.6   0.0 350.0   1.6
  0.0 392.0 392.0   0.0 350.0   1.7   0.0 350.0   1.7   0.0 350.0   1.6   0.0 350.0   1.6
  0.0 392.0 392.0   0.0 350.0   1.7   0.0 350.0   1.7   0.0 350.0   1.6   0.0 350.0   1.6
  0.0 392.0 392.0   0.0 350.0   1.7   0.0 350.0   1.7   0.0 350.0   1.6   0.0 350.0   1.6
  0.0 392.0 392.0   0.0 350.0   1.7   0.0 350.0   1.7   0.0 350.0   1.6   0.0 350.0   1.6
  0.0 392.0 392.0   0.0 350.0   1.7   0.0 350.0   1.7   0.0 350.0   1.6   0.0 350.0   1.6
  0.0 392.0 392.0   0.0 350.0   1.7   0.0 350.0   1.7   0.0 350.0   1.6   0.0 350.0   1.6
  0.0 392.0 392.0   0.0 350.0   1.7   0.0 350.0   1.7   0.0 350.0   1.6   0.0 350.0   1.6
  0.0 392.0 392.0   0.0 350.0   1.7   0.0 350.0   1.7   0.0 350.0   1.6   0.0 350.0   1.6
  0.0 392.0 392.0   0.0 350.0   1.7   0.0 350.0   1.7   0.0 350.0   1.6   0.0 350.0   1.6
  0.0 392.0 392.0   0.0 350.0   1.7   0.0 350.0   1.7   0.0 350.0   1.6   0.0 350.0   1.6
  0.0 392.0 392.0   0.0 350.0   1.7   0.0 350.0   1.7   0.0 350.0   1.6   0.0 350.0   1.6
  0.0 392.0 392.0   0.0 350.0   1.7   0.0 350.0   1.7   0.0 350.0   1.6   0.0 350.0   1.6
  0.0 392.0 392.0   0.0 350.0   1.7   0.0 350.0   1.7   0.0 350.0   1.6   0.0 350.0   1.6
  0.0 392.0 392.0   0.0 350.0   1.7   0.0 350.0   1.7   0.0 350.0   1.6   0.0 350.0   1.6
  0.0 392.0 392.0   0.0 350.0   1.7   0.0 350.0   1.7   0.0 350.0   1.6   0.0 350.0   1.6
  0.0 392.0 392.0   0.0 350.0   1.7   0.0 350.0   1.7   0.0 350.0   1.6   0.0 350.0   1.6
  0.0 392.0 392.0   0.0 350.0   1.7   0.0 350.0   1.7   0.0 350.0   1.6   0.0 350.0   1.6
  0.0 392.0 392.0   0.0 350.0   1.7   0.0 350.0   1.7   0.0 350.0   1.6   0.0 350.0   1.6
  0.0 392.0 392.0   0.0 350.0   1.7   0.0 350.0   1.7   0.0 350.0   1.6   0.0 350.0   1.6
  0.0 392.0 392.0   0.0 350.0   1.7   0.0 350.0   1.7   0.0 350.0   1.6   0.0 350.0   1.6
  0.0 392.0 392.0   0.0 350.0   1.7   0.0 350.0   1.7   0.0 350.0   1.6   0.0 350.0   1.6
  0.0 392.0 392.0   0.0 350.0   1.7   0.0 350.0   1.7   0.0 350.0   1.6   0.0 350.0   1.6
  0.0 392.0 392.0   0.0 350.0   1.7   0.0 350.0   1.7   0.0 350.0   1.6   0.0 350.0   1.6
  0.0 392.0 392.0   0.0 350.0   1.7   0.0 350.0   1.7   0.0 350.0   1.6   0.0 350.0   1.6
  0.0 392.0 392.0   0.0 350.0   1.7   0.0 350.0   1.7   0.0 350.0   1.6   0.0 350.0   1.6
  0.0 392.0 392.0   0.0 350.0   1.7   0.0 350.0   1.7   0.0 350.0   1.6   0.0 350.0   1.6
  0.0 392.0 392.0   0.0 350.0   1.7   0.0 350.0   1.7   0.0 350.0   1.6   0.0 350.0   1.6
  0.0 392.0 392.0   0.0 350.0   1.7   0.0 350.0   1.7   0.0 350.0   1.6   0.0 350.0   1.6
  0.0 392.0 392.0   0.0 350.0   1.7   0.0 350.0   1.7   0.0 350.0   1.6   0.0 350.0   1.6
  0.0 392.0 392.0   0.0 350.0   1.7   0.0 350.0   1.7   0.0 350.0   1.6   0.0 350.0   1.6
  0.0 392.0 392.0   0.0 350.0   1.7   0.0 350.0   1.7   0.0 350.0   1.6   0.0 350.0   1.6
  0.0 392.0 392.0   0.0 350.0   1.7   0.0 350.0   1.7   0.0 350.0   1.6   0.0 350.0   1.6
  0.0 392.0 392.0   0.0 350.0   1.7   0.0 350.0   1.7   0.0 350.0   1.6   0.0 350.0   1.6
  0.0 392.0 392.0   0.0 350.0   1.7   0.0 350.0   1.7   0.0 350.0   1.6   0.0 350.0   1.6
  0.0 392.0 392.0   0.0 350.0   1.7   0.0 350.0   1.7   0.0 350.0   1.6   0.0 350.0   1.6
  0.0 392.0 392.0   0.0 350.0   1.7   0.0 350.0   1.7   0.0 350.0   1.6   0.0 350.0   1.6
  0.0 392.0 392.0   0.0 350.0   1.7   0.0 350.0   1.7   0.0 350.0   1.6   0.0 350.0   1.6
  0.0 392.0 392.0   0.0 350.0   1.7   0.0 350.0   1.7   0.0 350.0   1.6   0.0 350.0   1.6
  0.0 392.0 392.0   0.0 350.0   1.7   0.0 350.0   1.7   0.0 350.0   1.6   0.0 350.0   1.6
  0.0 392.0 392.0   0.0 350.0   1.7   0.0 350.0   1.7   0.0 350.0   1.6   0.0 350.0   1.6
  0.0 392.0 392.0   0.0 350.0   1.7   0.0 350.0   1.7   0.0 350.0   1.6   0.0 350.0   1.6
  0.0 392.0 392.0   0.0 350.0   1.7   0.0 350.0   1.7   0.0 350.0   1.6   0.0 350.0   1.6
  0.0 392.0 392.0   0.0 350.0   1.7   0.0 350.0   1.7   0.0 350.0   1.6   0.0 350.0   1.6
  0.0 392.0 392.0   0.0 350.0   1.7   0.0 350.0   1.7   0.0 350.0   1.6   0.0 350.0   1.6
  0.0 392.0 392.0   0.0 350.0   1.7   0.0 350.0   1.7   0.0 350.0   1.6   0.0 350.0   1.6
  0.0 392.0 392.0   0.0 350.0   1.7   0.0 350.0   1.7   0.0 350.0   1.6   0.0 350.0   1.6
  0.0 392.0 392.0   0.0 350.0   1.7   0.0 350.0   1.7   0.0 350.0   1.6   0.0 350.0   1.6
  0.0 392.0 392.0   0.0 350.0   1.7   0.0 350.0   1.7   0.0 350.0   1.6   0.0 350.0   1.6
  0.0 392.0 392.0   0.0 350.0   1.7   0.0 350.0   1.7   0.0 350.0   1.6   0.0 350.0   1.6
  0.0 392.0 392.0   0.0 350.0   1.7   0.0 350.0   1.7   0.0 350.0   1.6   0.0 350.0   1.6
  0.0 392.0 392.0   0.0 350.0   1.7   0.0 350.0   1.7   0.0 350.0   1.6   0.0 350.0   1.6
  0.0 392.0 392.0   0.0 350.0   1.7   0.0 350.0   1.7   0.0 350.0   1.6   0.0 350.0   1.6
  0.0 392.0 392.0   0.0 350.0   1.7   0.0 350.0   1.7   0.0 350.0   1.6   0.0 350.0   1.6
  0.0 392.0 392.0   0.0 350.0   1.7   0.0 350.0   1.7   0.0 350.0   1.6   0.0 350.0   1.6
  0.0 392.0 392.0   0.0 350.0   1.7   0.0 350.0   1.7   0.0 350.0   1.6   0.0 350.0   1.6
  0.0 392.0 392.0   0.0 350.0   1.7   0.0 350.0   1.7   0.0 350.0   1.6   0.0 350.0   1.6
  0.0 392.0 392.0   0.0 350.0   1.7   0.0 350.0   1.7   0.0 350.0   1.6   0.0 350.0   1.6
  0.0 392.0 392.0   0.0 350.0   1.7   0.0 350.0   1.7   0.0 350.0   1.6   0.0 350.0   1.6
  0.0 392.0 392.0   0.0 350.0   1.7   0.0 350.0   1.7   0.0 350.0   1.6   0.0 350.0   1.6
  0.0 392.0 392.0   0.0 350.0   1.7   0.0 350.0   1.7   0.0 350.0   1.6   0.0 350.0   1.6
  0.0 392.0 392.0   0.0 350.0   1.7   0.0 350.0   1.7   0.0 350.0   1.6   0.0 350.0   1.6
  0.0 392.0 392.0   0.0 350.0   1.7   0.0 350.0   1.7   0.0 350.0   1.6   0.0 350.0   1.6
  0.0 392.0 392.0   0.0 350.0   1.7   0.0 350.0   1.7   0.0 350.0   1.6   0.0 350.0   1.6
  0.0 392.0 392.0   0.0 350.0   1.7   0.0 350.0   1.7   0.0 350.0   1.6   0.0 350.0   1.6
  0.0 392.0 392.0   0.0 350.0   1.7   0.0 350.0   1.7   0.0 350.0   1.6   0.0 350.0   1.6
  0.0 392.0 392.0   0.0 350.0   1.7   0.0 350.0   1.7   0.0 350.0   1.6   0.0 350.0   1.6
  0.0 392.0 392.0   0.0 350.0   1.7   0.0 350.0   1.7   0.0 350.0   1.6   0.0 350.0   1.6
  0.0 392.0 392.0   0.0 350.0   1.7   0.0 350.0   1.7   0.0 350.0   1.6   0.0 350.0   1.6
  0.0 392.0 392.0   0.0 350.0   1.7   0.0 350.0   1.7   0.0 350.0   1.6   0.0 350.0   1.6
  0.0 392.0 392.0   0.0 350.0   1.7   0.0 350.0   1.7   0.0 350.0   1.6   0.0 350.0   1.6
  0.0 392.0 392.0   0.0 350.0   1.7   0.0 350.0   1.7   0.0 350.0   1.6   0.0 350.0   1.6
  0.0 392.0 392.0   0.0 350.0   1.7   0.0 350.0   1.7   0.0 350.0   1.6   0.0 350.0   1.6
  0.0 392.0 392.0   0.0 350.0   1.7   0.0 350.0   1.7   0.0 350.0   1.6   0.0 350.0   1.6
  0.0 392.0 392.0   0.0 350.0   1.7   0.0 350.0   1.7   0.0 350.0   1.6   0.0 350.0   1.6
  0.0 392.0 392.0   0.0 350.0   1.7   0.0 350.0   1.7   0.0 350.0   1.6   0.0 350.0   1.6
  0.0 392.0 392.0   0.0 350.0   1.7   0.0 350.0   1.7   0.0 350.0   1.6   0.0 350.0   1.6
  0.0 392.0 392.0   0.0 350.0   1.7   0.0 350.0   1.7   0.0 350.0   1.6   0.0 350.0   1.6
  0.0 392.0 392.0   0.0 350.0   1.7   0.0 350.0   1.7   0.0 350.0   1.6   0.0 350.0   1.6
  0.0 392.0 392.0   0.0 350.0   1.7   0.0 350.0   1.7   0.0 350.0   1.6   0.0 350.0   1.6
  0.0 392.0 392.0   0.0 350.0   1.7   0.0 350.0   1.7   0.0 350.0   1.6   0.0 350.0   1.6
  0.0 392.0 392.0   0.0 350.0   1.7   0.0 350.0   1.7   0.0 350.0   1.6   0.0 350.0   1.6
  0.0 392.0 392.0   0.0 350.0   1.7   0.0 350.0   1.7   0.0 350.0   1.6   0.0 350.0   1.6
  0.0 392.0 392.0   0.0 350.0   1.7   0.0 350.0   1.7   0.0 350.0   1.6   0.0 350.0   1.6
  0.0 392.0 392.0   0.0 350.0   1.7   0.0 350.0   1.7   0.0 350.0   1.6   0.0 350.0   1.6
  0.0 392.0 392.0   0.0 350.0   1.7   0.0 350.0   1.7   0.0 350.0   1.6   0.0 350.0   1.6
  0.0 392.0 392.0   0.0 350.0   1.7   0.0 350.0   1.7   0.0 350.0   1.6   0.0 350.0   1.6
  0.0 392.0 392.0   0.0 350.0   1.7   0.0 350.0   1.7   0.0 350.0   1.6   0.0 350.0   1.6
  0.0 392.0 392.0   0.0 350.0   1.7   0.0 350.0   1.7   0.0 350.0   1.6   0.0 350.0   1.6
  0.0 392.0 392.0   0.0 350.0   1.7   0.0 350.0   1.7   0.0 350.0   1.6   0.0 350.0   1.6
  0.0 392.0 392.0   0.0 350.0   1.7   0.0 350.0   1.7   0.0 350.0   1.6   0.0 350.0   1.6
  0.0 392.0 392.0   0.0 350.0   1.7   0.0 350.0   1.7   0.0 350.0   1.6   0.0 350.0   1.6
  0.0 392.0 392.0   0.0 350.0   1.7   0.0 350.0   1.7   0.0 350.0   1.6   0.0 350.0   1.6
  0.0 392.0 392.0   0.0 350.0   1.7   0.0 350.0   1.7   0.0 350.0   1.6   0.0 350.0   1.6
  0.0 392.0 392.0   0.0 350.0   1.7   0.0 350.0   1.7   0.0 350.0   1.6   0.0 350.0   1.6
  0.0 392.0 392.0   0.0 350.0   1.7   0.0 350.0   1.7   0.0 350.0   1.6   0.0 350.0   1.6
  0.0 392.0 392.0   0.0 350.0   1.7   0.0 350.0   1.7   0.0 350.0   1.6   0.0 350.0   1.6
  0.0 392.0 392.0   0.0 350.0   1.7   0.0 350.0   1.7   0.0 350.0   1.6   0.0 350.0   1.6
  0.0 392.0 392.0   0.0 350.0   1.7   0.0 350.0   1.7   0.0 350.0   1.6   0.0 350.0   1.6
  0.0 392.0 392.0   0.0 350.0   1.7   0.0 350.0   1.7   0.0 350.0   1.6   0.0 350.0   1.6
  0.0 392.0 392.0   0.0 350.0   1.7   0.0 350.0   1.7   0.0 350.0   1.6   0.0 350.0   1.6
  0.0 392.0 392.0   0.0 350.0   1.7   0.0 350.0   1.7   0.0 350.0   1.6   0.0 350.0   1.6
  0.0 392.0 392.0   0.0 350.0   1.7   0.0 350.0   1.7   0.0 350.0   1.6   0.0 350.0   1.6
  0.0 392.0 392.0   0.0 350.0   1.7   0.0 350.0   1.7   0.0 350.0   1.6   0.0 350.0   1.6
  0.0 392.0 392.0   0.0 350.0   1.7   0.0 350.0   1.7   0.0 350.0   1.6   0.0 350.0   1.6
  0.0 392.0 392.0   0.0 350.0   1.7   0.0 350.0   1.7   0.0 350.0   1.6   0.0 350.0   1.6
  0.0 392.0 392.0   0.0 350.0   1.7   0.0 350.0   1.7   0.0 350.0   1.6   0.0 350.0   1.6
  0.0 392.0 392.0   0.0 350.0   1.7   0.0 350.0   1.7   0.0 350.0   1.6   0.0 350.0   1.6
  0.0 392.0 392.0   0.0 350.0   1.7   0.0 350.0   1.7   0.0 350.0   1.6   0.0 350.0   1.6
  0.0 392.0 392.0   0.0 350.0   1.7   0.0 350.0   1.7   0.0 350.0   1.6   0.0 350.0   1.6
  0.0 392.0 392.0   0.0 350.0   1.7   0.0 350.0   1.7   0.0 350.0   1.6   0.0 350.0   1.6
  0.0 392.0 392.0   0.0 350.0   1.7   0.0 350.0   1.7   0.0 350.0   1.6   0.0 350.0   1.6
  0.0 392.0 392.0   0.0 350.0   1.7   0.0 350.0   1.7   0.0 350.0   1.6   0.0 350.0   1.6
  0.0 392.0 392.0   0.0 350.0   1.7   0.0 350.0   1.7   0.0 350.0   1.6   0.0 350.0   1.6
  0.0 392.0 392.0   0.0 350.0   1.7   0.0 350.0   1.7   0.0 350.0   1.6   0.0 350.0   1.6
  0.0 392.0 392.0   0.0 350.0   1.7   0.0 350.0   1.7   0.0 350.0   1.6   0.0 350.0   1.6
  0.0 392.0 392.0   0.0 350.0   1.7   0.0 350.0   1.7   0.0 350.0   1.6   0.0 350.0   1.6
  0.0 392.0 392.0   0.0 350.0   1.7   0.0 350.0   1.7   0.0 350.0   1.6   0.0 350.0   1.6
  0.0 392.0 392.0   0.0 350.0   1.7   0.0 350.0   1.7   0.0 350.0   1.6   0.0 350.0   1.6
  0.0 392.0 392.0   0.0 350.0   1.7   0.0 350.0   1.7   0.0 350.0   1.6   0.0 350.0   1.6
  0.0 392.0 392.0   0.0 350.0   1.7   0.0 350.0   1.7   0.0 350.0   1.6   0.0 350.0   1.6
  0.0 392.0 392.0   0.0 350.0   1.7   0.0 350.0   1.7   0.0 350.0   1.6   0.0 350.0   1.6
  0.0 392.0 392.0   0.0 350.0   1.7   0.0 350.0   1.7   0.0 350.0   1.6   0.0 350.0   1.6
  0.0 392.0 392.0   0.0 350.0   1.7   0.0 350.0   1.7   0.0 350.0   1.6   0.0 350.0   1.6
  0.0 392.0 392.0   0.0 350.0   1.7   0.0 350.0   1.7   0.0 350.0   1.6   0.0 350.0   1.6
  0.0 392.0 392.0   0.0 350.0   1.7   0.0 350.0   1.7   0.0 350.0   1.6   0.0 350.0   1.6
  0.0 392.0 392.0   0.0 350.0   1.7   0.0 350.0   1.7   0.0 350.0   1.6   0.0 350.0   1.6
  0.0 392.0 392.0   0.0 350.0   1.7   0.0 350.0   1.7   0.0 350.0   1.6   0.0 350.0   1.6
  0.0 392.0 392.0   0.0 350.0   1.7   0.0 350.0   1.7   0.0 350.0   1.6   0.0 350.0   1.6
  0.0 392.0 392.0   0.0 350.0   1.7   0.0 350.0   1.7   0.0 350.0   1.6   0.0 350.0   1.6
  0.0 392.0 392.0   0.0 350.0   1.7   0.0 350.0   1.7   0.0 350.0   1.6   0.0 350.0   1.6
  0.0 392.0 392.0   0.0 350.0   1.7   0.0 350.0   1.7   0.0 350.0   1.6   0.0 350.0   1.6
  0.0 392.0 392.0   0.0 350.0   1.7   0.0 350.0   1.7   0.0 350.0   1.6   0.0 350.0   1.6
  0.0 392.0 392.0   0.0 350.0   1.7   0.0 350.0   1.7   0.0 350.0   1.6   0.0 350.0   1.6
  0.0 392.0 392.0   0.0 350.0   1.7   0.0 350.0   1.7   0.0 350.0   1.6   0.0 350.0   1.6
  0.0 392.0 392.0   0.0 350.0   1.7   0.0 350.0   1.7   0.0 350.0   1.6   0.0 350.0   1.6
  0.0 392.0 392.0   0.0 350.0   1.7   0.0 350.0   1.7   0.0 350.0   1.6   0.0 350.0   1.6
  0.0 392.0 392.0   0.0 350.0   1.7   0.0 350.0   1.7   0.0 350.0   1.6   0.0 350.0   1.6
  0.0 392.0 392.0   0.0 350.0   1.7   0.0 350.0   1.7   0.0 350.0   1.6   0.0 350.0   1.6
  0.0 392.0 392.0   0.0 350.0   1.7   0.0 350.0   1.7   0.0 350.0   1.6   0.0 350.0   1.6
  0.0 392.0 392.0   0.0 350.0   1.7   0.0 350.0   1.7   0.0 350.0   1.6   0.0 350.0   1.6
  0.0 392.0 392.0   0.0 350.0   1.7   0.0 350.0   1.7   0.0 350.0   1.6   0.0 350.0   1.6
  0.0 392.0 392.0   0.0 350.0   1.7   0.0 350.0   1.7   0.0 350.0   1.6   0.0 350.0   1.6
  0.0 392.0 392.0   0.0 350.0   1.7   0.0 350.0   1.7   0.0 350.0   1.6   0.0 350.0   1.6
  0.0 392.0 392.0   0.0 350.0   1.7   0.0 350.0   1.7   0.0 350.0   1.6   0.0 350.0   1.6
  0.0 392.0 392.0   0.0 350.0   1.7   0.0 350.0   1.7   0.0 350.0   1.6   0.0 350.0   1.6
  0.0 392.0 392.0   0.0 350.0   1.7   0.0 350.0   1.7   0.0 350.0   1.6   0.0 350.0   1.6
  0.0 392.0 392.0   0.0 350.0   1.7   0.0 350.0   1.7   0.0 350.0   1.6   0.0 350.0   1.6
  0.0 392.0 392.0   0.0 350.0   1.7   0.0 350.0   1.7   0.0 350.0   1.6   0.0 350.0   1.6
  0.0 392.0 392.0   0.0 350.0   1.7   0.0 350.0   1.7   0.0 350.0   1.6   0.0 350.0   1.6
  0.0 392.0 392.0   0.0 350.0   1.7   0.0 350.0   1.7   0.0 350.0   1.6   0.0 350.0   1.6
  0.0 392.0 392.0   0.0 350.0   1.7   0.0 350.0   1.7   0.0 350.0   1.6   0.0 350.0   1.6
  0.0 392.0 392.0   0.0 350.0   1.7   0.0 350.0   1.7   0.0 350.0   1.6   0.0 350.0   1.6
  0.0 392.0 392.0   0.0 350.0   1.7   0.0 350.0   1.7   0.0 350.0   1.6   0.0 350.0   1.6
  0.0 392.0 392.0   0.0 350.0   1.7   0.0 350.0   1.7   0.0 350.0   1.6   0.0 350.0   1.6
  0.0 392.0 392.0   0.0 350.0   1.7   0.0 350.0   1.7   0.0 350.0   1.6   0.0 350.0   1.6
  0.0 392.0 392.0   0.0 350.0   1.7   0.0 350.0   1.7   0.0 350.0   1.6   0.0 350.0   1.6
  0.0 392.0 392.0   0.0 350.0   1.7   0.0 350.0   1.7   0.0 350.0   1.6   0.0 350.0   1.6
  0.0 392.0 392.0   0.0 350.0   1.7   0.0 350.0   1.7   0.0 350.0   1.6   0.0 350.0   1.6
  0.0 392.0 392.0   0.0 350.0   1.7   0.0 350.0   1.7   0.0 350.0   1.6   0.0 350.0   1.6
  0.0 392.0 392.0   0.0 350.0   1.7   0.0 350.0   1.7   0.0 350.0   1.6   0.0 350.0   1.6
  0.0 392.0 392.0   0.0 350.0   1.7   0.0 350.0   1.7   0.0 350.0   1.6   0.0 350.0   1.6
  0.0 392.0 392.0   0.0 350.0   1.7   0.0 350.0   1.7   0.0 350.0   1.6   0.0 350.0   1.6
  0.0 392.0 392.0   0.0 350.0   1.7   0.0 350.0   1.7   0.0 350.0   1.6   0.0 350.0   1.6
  0.0 392.0 392.0   0.0 350.0   1.7   0.0 350.0   1.7   0.0 350.0   1.6   0.0 350.0   1.6
  0.0 392.0 392.0   0.0 350.0   1.7   0.0 350.0   1.7   0.0 350.0   1.6   0.0 350.0   1.6
  0.0 392.0 392.0   0.0 350.0   1.7   0.0 350.0   1.7   0.0 350.0   1.6   0.0 350.0   1.6
  0.0 392.0 392.0   0.0 350.0   1.7   0.0 350.0   1.7   0.0 350.0   1.6   0.0 350.0   1.6
  0.0 392.0 392.0   0.0 350.0   1.7   0.0 350.0   1.7   0.0 350.0   1.6   0.0 350.0   1.6
  0.0 392.0 392.0   0.0 350.0   1.7   0.0 350.0   1.7   0.0 350.0   1.6   0.0 350.0   1.6
  0.0 392.0 392.0   0.0 350.0   1.7   0.0 350.0   1.7   0.0 350.0   1.6   0.0 350.0   1.6
  0.0 392.0 392.0   0.0 350.0   1.7   0.0 350.0   1.7   0.0 350.0   1.6   0.0 350.0   1.6
  0.0 392.0 392.0   0.0 350.0   1.7   0.0 350.0   1.7   0.0 350.0   1.6   0.0 350.0   1.6
  0.0 392.0 392.0   0.0 350.0   1.7   0.0 350.0   1.7   0.0 350.0   1.6   0.0 350.0   1.6
  0.0 392.0 392.0   0.0 350.0   1.7   0.0 350.0   1.7   0.0 350.0   1.6   0.0 350.0   1.6

